Jun 07 2009 /sed/4.2-1/sed-4.2-1-bin.zip
Jul 01 2001 /a2ps/4.13b/a2ps-4.13b-bin.zip
Mar 15 2005 /a2ps/4.13b-1/a2ps-4.13b-1-bin.zip
Dec 28 2007 /a2ps/4.13b-3/a2ps-4.13b-3-bin.zip
Jan 01 2008 /a2ps/4.14/a2ps-4.14-bin.zip
Mar 14 2008 /a2ps/4.14-1/a2ps-4.14-1-bin.zip
Apr 11 2005 /arc/5.21j-1/arc-5.21j-1-bin.zip
Oct 04 2003 /arj/3.10.17/arj-3.10.17-bin.zip
Nov 19 2005 /arj/3.10.22/arj-3.10.22-bin.zip
Mar 05 2002 /asciichart/0.1/asciichart-0.1-bin.zip
Nov 19 2005 /asciichart/0.9/ascii_chart-0.9-bin.zip
Mar 15 2004 /attr/2.4.14/attr-2.4.14-bin.zip
Dec 27 2003 /autoconf/2.59/autoconf-2.59-bin.zip
Sep 13 2008 /autoconf/2.63/autoconf-2.63-bin.zip
Dec 19 2004 /automake/1.9.4/automake-1.9.4-bin.zip
Oct 17 2003 /awka/0.7.5/awka-0.7.5-bin.zip
Nov 19 2005 /awka/0.7.5-1/awka-0.7.5-1-bin.zip
Mar 30 2001 /barcode/0.96/barcode-0.96-bin.zip
Oct 24 2001 /barcode/0.97/barcode-0.97-bin.zip
Mar 05 2002 /barcode/0.98/barcode-0.98-bin.zip
Feb 01 2005 /barcode/0.98-1/barcode-0.98-1-bin.zip
May 09 2007 /barcode/0.98-2/barcode-0.98-2-bin.zip
Mar 11 2005 /bc/1.06-2/bc-1.06-2-bin.zip
Jul 06 2001 /bison/1.28/bison-1.28-bin.zip
Sep 08 2001 /bison/1.29/bison-1.29-bin.zip
Oct 30 2001 /bison/1.30/bison-1.30-bin.zip
Jan 19 2002 /bison/1.31/bison-1.31-bin.zip
Jan 27 2002 /bison/1.32/bison-1.32-bin.zip
Feb 09 2002 /bison/1.33/bison-1.33-bin.zip
Mar 16 2002 /bison/1.34/bison-1.34-bin.zip
Mar 31 2002 /bison/1.35/bison-1.35-bin.zip
Apr 02 2002 /bison/1.35-1/bison-1.35-1-bin.zip
Apr 17 2002 /bison/1.35-2/bison-1.35-2-bin.zip
May 06 2003 /bison/1.35-3/bison-1.35-3-bin.zip
May 29 2003 /bison/1.35-4/bison-1.35-4-bin.zip
Apr 11 2004 /bison/1.875/bison-1.875-bin.zip
Apr 12 2004 /bison/1.875-1/bison-1.875-1-bin.zip
Jul 10 2004 /bison/1.875-3/bison-1.875-3-bin.zip
Oct 09 2004 /bison/1.875-4/bison-1.875-4-bin.zip
Nov 19 2005 /bison/2.1/bison-2.1-bin.zip
May 04 2009 /bison/2.4.1/bison-2.4.1-bin.zip
Apr 10 2001 /bm2font/2.0/bm2font-2.0-bin.zip
Jul 06 2001 /bmp2png/1.52/bmp2png-1.52-bin.zip
Jul 07 2002 /bmp2png/1.53/bmp2png-1.53-bin.zip
Oct 30 2003 /btyacc/3.0/btyacc-3.0-bin.zip
Oct 04 2003 /byacc/1.9-1/byacc-1.9-1-bin.zip
Apr 10 2001 /bzip2/1.0.1/bzip2-1.0.1-bin.zip
Sep 08 2001 /bzip2/1.0.1-1/bzip2-1.0.1-1-bin.zip
Feb 02 2002 /bzip2/1.0.2/bzip2-1.0.2-bin.zip
Mar 08 2004 /bzip2/1.0.2-1/bzip2-1.0.2-1-bin.zip
Mar 11 2004 /bzip2/1.0.2-2/bzip2-1.0.2-2-bin.zip
Jun 08 2004 /bzip2/1.0.2-3/bzip2-1.0.2-3-bin.zip
Apr 14 2005 /bzip2/1.0.3/bzip2-1.0.3-bin.zip
Jul 25 2005 /bzip2/1.0.3-1/bzip2-1.0.3-1-bin.zip
May 15 2007 /bzip2/1.0.4/bzip2-1.0.4-bin.zip
Mar 20 2008 /bzip2/1.0.5/bzip2-1.0.5-bin.zip
Mar 11 2005 /calc/2.11.10.1/calc-2.11.10.1-bin.zip
Oct 25 2003 /chess/5.07/chess-5.07-bin.zip
Nov 19 2005 /chsuf/0.9/chsuf-0.9-bin.zip
Jul 03 2002 /compface/1.4-1/compface-1.4-bin.zip
Nov 19 2005 /compface/1.5.2/compface-1.5.2-bin.zip
Jan 30 2003 /coreutils/2.0/sh-utils-2.0-bin.zip
Apr 05 2003 /coreutils/2.1/textutils-2.1-1-bin.zip
Apr 06 2003 /coreutils/2.5/stat-2.5-1-bin.zip
Jun 07 2003 /coreutils/4.1/fileutils-4.1-8-bin.zip
Mar 10 2005 /coreutils/5.2.1-1/coreutils-5.2.1-1-bin.zip
Apr 21 2005 /coreutils/5.3.0/coreutils-5.3.0-bin.zip
Feb 16 2002 /cpio/2.4.2/cpio-2.4.2-bin.zip
Dec 26 2002 /cpio/2.5/cpio-2.5-bin.zip
Oct 03 2003 /cpio/2.5-1/cpio-2.5-1-bin.zip
Jul 25 2005 /cpio/2.6/cpio-2.6-bin.zip
Dec 24 2005 /cpio/2.6-1/cpio-2.6-1-bin.zip
Mar 09 2006 /cpio/2.6-2/cpio-2.6-2-bin.zip
Dec 08 2001 /cppi/1.10/cppi-1.10-bin.zip
Apr 24 2005 /cproto/4.7c/cproto-4.7c-bin.zip
Jul 18 2002 /cpuid/3.3/cpuid-3.3-bin.zip
Jul 31 2005 /cpuid/3.3-1/cpuid-3.3-1-bin.zip
Dec 28 2007 /crafty/21.6/crafty-21.6-bin.zip
Jun 13 2008 /crafty/22.1/crafty-22.1-bin.zip
Apr 30 2002 /crypt/2.2.5/crypt-2.2.5-bin.zip
May 12 2005 /cygutils/1.2.7-2/cygutils-1.2.7-2-bin.zip
Jul 25 2005 /cygutils/1.2.8/cygutils-1.2.8-bin.zip
Aug 21 2005 /cygutils/1.2.9/cygutils-1.2.9-bin.zip
Sep 26 2008 /cygutils/1.3.2/cygutils-1.3.2-bin.zip
Mar 24 2004 /deroff/2.0/deroff-2.0-bin.zip
Jul 10 2007 /diction/1.10/diction-1.10-bin.zip
Jul 11 2007 /diction/1.10-1/diction-1.10-1-bin.zip
Sep 13 2007 /diction/1.11/diction-1.11-bin.zip
Aug 03 2007 /diction/1.11-rc4/diction-1.11-rc4-bin.zip
Aug 09 2007 /diction/1.11-rc5/diction-1.11-rc5-bin.zip
Jul 27 2003 /diffutils/2.8.1-3/diffutils-2.8.1-3-bin.zip
May 24 2004 /diffutils/2.8.7-1/diffutils-2.8.7-1-bin.zip
Dec 03 2008 /dmidecode/2.10/dmidecode-2.10-bin.zip
Apr 06 2002 /doschk/1.1/doschk-1.1-bin.zip
Nov 19 2005 /doschk/1.1-1/doschk-1.1-1-bin.zip
Apr 10 2001 /dvidjk/1.0/dvidjk-1.0-bin.zip
Oct 11 2004 /ed/0.2-1/ed-0.2-1-bin.zip
Mar 15 2008 /ed/0.9/ed-0.9-bin.zip
Aug 22 2008 /ed/1.0/ed-1.0-bin.zip
Oct 15 2008 /ed/1.1/ed-1.1-bin.zip
Feb 01 2009 /ed/1.2/ed-1.2-bin.zip
Jan 08 2006 /edll/0.6/edll-0.6-bin.zip
Jan 08 2006 /edll-bfd/0.6/edll-bfd-0.6-bin.zip
Jul 19 2003 /enscript/1.6.3-9/enscript-1.6.3-9-bin.zip
Feb 01 2009 /fatattr/1.0/fatattr-1.0-bin.zip
Nov 19 2005 /fax2png/1.0/fax2png-1.0-bin.zip
Mar 29 2006 /fax2png/1.0-1/fax2png-1.0-1-bin.zip
Mar 24 2004 /fdlibm/5.2-2/fdlibm-5.2-2-bin.zip
May 13 2001 /file/3.34/file-3.34-bin.zip
Jun 08 2001 /file/3.35/file-3.35-bin.zip
Jul 23 2001 /file/3.36/file-3.36-bin.zip
Sep 10 2001 /file/3.37/file-3.37-bin.zip
Jul 06 2002 /file/3.39/file-3.39-bin.zip
Feb 09 2003 /file/3.40/file-3.40-bin.zip
Mar 16 2003 /file/3.41/file-3.41-bin.zip
Mar 30 2003 /file/4.01/file-4.01-bin.zip
Sep 26 2003 /file/4.03/file-4.03-bin.zip
Sep 28 2003 /file/4.03-1/file-4.03-1-bin.zip
Sep 30 2003 /file/4.04/file-4.04-bin.zip
Oct 15 2003 /file/4.06/file-4.06-bin.zip
Mar 04 2004 /file/4.07/file-4.07-bin.zip
Mar 24 2004 /file/4.08/file-4.08-bin.zip
May 19 2004 /file/4.09/file-4.09-bin.zip
Nov 23 2004 /file/4.11/file-4.11-bin.zip
Nov 28 2004 /file/4.12/file-4.12-bin.zip
Feb 10 2005 /file/4.13/file-4.13-bin.zip
Jul 31 2005 /file/4.14/file-4.14-bin.zip
Aug 20 2005 /file/4.15/file-4.15-bin.zip
Nov 19 2005 /file/4.16/file-4.16-bin.zip
Jan 29 2006 /file/4.16-1/file-4.16-1-bin.zip
Nov 03 2006 /file/4.18/file-4.18-bin.zip
Apr 03 2007 /file/4.20/file-4.20-bin.zip
May 26 2007 /file/4.21/file-4.21-bin.zip
Feb 04 2008 /file/4.23/file-4.23-bin.zip
Jun 14 2008 /file/4.24/file-4.24-bin.zip
Jul 06 2008 /file/4.25-1/file-4.25-1-bin.zip
Sep 03 2008 /file/4.26/file-4.26-bin.zip
Feb 08 2009 /file/5.00/file-5.00-bin.zip
May 07 2009 /file/5.03/file-5.03-bin.zip
Sep 10 2005 /filetype/0.1.3/filetype-0.1.3-bin.zip
Jun 23 2004 /findutils/4.1-2/findutils-4.1-2-bin.zip
Apr 18 2005 /findutils/4.2.20-2/findutils-4.2.20-2-bin.zip
Apr 11 2004 /flex/2.5.4a-1/flex-2.5.4a-1-bin.zip
Apr 17 2001 /freetype/1.3.1/libttf-1.3.1-bin.zip
Apr 17 2001 /freetype/1.4/libttf-1.4-bin.zip
Mar 31 2001 /freetype/2.0.1/freetype-2.0.1-bin.zip
Apr 16 2001 /freetype/2.0.2/freetype-2.0.2-bin.zip
May 29 2001 /freetype/2.0.3/freetype-2.0.3-bin.zip
Jun 28 2001 /freetype/2.0.4/freetype-2.0.4-bin.zip
Nov 10 2001 /freetype/2.0.5/freetype-2.0.5-bin.zip
Mar 05 2002 /freetype/2.0.8/freetype-2.0.8-bin.zip
Mar 10 2002 /freetype/2.0.9/freetype-2.0.9-bin.zip
Apr 28 2002 /freetype/2.1.0/freetype-2.1.0-bin.zip
Jun 13 2002 /freetype/2.1.1/freetype-2.1.1-bin.zip
Sep 10 2005 /freetype/2.1.10/freetype-2.1.10-bin.zip
Jun 23 2002 /freetype/2.1.2-1/freetype-2.1.2-bin.zip
Apr 18 2003 /freetype/2.1.4/freetype-2.1.4-bin.zip
Dec 27 2003 /freetype/2.1.5/freetype-2.1.5-bin.zip
Feb 14 2004 /freetype/2.1.7/freetype-2.1.7-bin.zip
Feb 15 2004 /freetype/2.1.7-1/freetype-2.1.7-1-bin.zip
May 09 2004 /freetype/2.1.8/freetype-2.1.8-bin.zip
Jun 27 2007 /freetype/2.3.4/freetype-2.3.4-bin.zip
Jul 04 2007 /freetype/2.3.5/freetype-2.3.5-bin.zip
Mar 14 2008 /freetype/2.3.5-1/freetype-2.3.5-1-bin.zip
Mar 31 2001 /gawk/3.0.4/gawk-3.0.4-bin.zip
Jun 17 2001 /gawk/3.1.0/gawk-3.1.0-bin.zip
Aug 20 2001 /gawk/3.1.0-1/gawk-3.1.0-1-bin.zip
Jan 27 2002 /gawk/3.1.0-2/gawk-3.1.0-2-bin.zip
Feb 29 2004 /gawk/3.1.3/gawk-3.1.3-bin.zip
May 29 2004 /gawk/3.1.3-1/gawk-3.1.3-1-bin.zip
Jun 02 2004 /gawk/3.1.3-2/gawk-3.1.3-2-bin.zip
Nov 14 2004 /gawk/3.1.4/gawk-3.1.4-bin.zip
Dec 29 2007 /gawk/3.1.6/gawk-3.1.6-bin.zip
Feb 10 2008 /gawk/3.1.6-1/gawk-3.1.6-1-bin.zip
Nov 28 2004 /gcal/3.01-1/gcal-3.01-1-bin.zip
Jul 19 2001 /gd/1.8.4-1/gdlib-1.8.4-1-bin.zip
Feb 23 2005 /gd/2.0.33/gd-2.0.33-bin.zip
Aug 26 2005 /gd/2.0.33-1/gd-2.0.33-1-bin.zip
Dec 18 2004 /gdbm/1.8.3-1/gdbm-1.8.3-1-bin.zip
Oct 09 2003 /gengetopt/2.11/gengetopt-2.11-bin.zip
Apr 16 2005 /gengetopt/2.13.1/gengetopt-2.13.1-bin.zip
Jul 07 2007 /gengetopt/2.20/gengetopt-2.20-bin.zip
Feb 22 2003 /gengetopt/2.8.1/gengetopt-2.8.1-bin.zip
Dec 28 2001 /gettext/0.10.40/gettext-0.10.40-bin.zip
May 27 2004 /gettext/0.14.1/gettext-0.14.1-bin.zip
May 07 2005 /gettext/0.14.4/gettext-0.14.4-bin.zip
Oct 25 2005 /giflib/4.1.4/giflib-4.1.4-bin.zip
Feb 21 2007 /giflib/4.1.4-1/giflib-4.1.4-1-bin.zip
Aug 17 2002 /glpk/3.2.1/glpk-3.2.1-bin.zip
Apr 18 2003 /glpk/3.3/glpk-3.3-bin.zip
May 09 2003 /glpk/4.0/glpk-4.0-bin.zip
Oct 08 2003 /glpk/4.1/glpk-4.1-bin.zip
Dec 04 2008 /glpk/4.34/glpk-4.34-bin.zip
Mar 14 2004 /glpk/4.4/glpk-4.4-bin.zip
Apr 05 2004 /glpk/4.4-1/glpk-4.4-1-bin.zip
Jan 14 2005 /glpk/4.8/glpk-4.8-bin.zip
Mar 09 2006 /glpk/4.9/glpk-4.9-bin.zip
Nov 14 2004 /gperf/3.0.1/gperf-3.0.1-bin.zip
Jul 10 2001 /grap/1.10/grap-1.10-bin.zip
Jun 28 2001 /grap/1.20/grap-1.20-bin.zip
Oct 26 2001 /grap/1.21/grap-1.21-bin.zip
Jan 19 2002 /grap/1.22/grap-1.22-bin.zip
Feb 19 2002 /grap/1.23/grap-1.23-bin.zip
Sep 17 2002 /grap/1.25/grap-1.25-bin.zip
Sep 26 2002 /grap/1.26/grap-1.26-bin.zip
Jan 30 2003 /grap/1.27/grap-1.27-bin.zip
Mar 16 2003 /grap/1.30/grap-1.30-bin.zip
Sep 14 2003 /grap/1.30-1/grap-1.30-1-bin.zip
May 09 2004 /grap/1.30-2/grap-1.30-2-bin.zip
Sep 23 2004 /grap/1.32/grap-1.32-bin.zip
May 22 2005 /grap/1.35/grap-1.35-bin.zip
Jul 25 2005 /grap/1.36/grap-1.36-bin.zip
Mar 19 2006 /grap/1.38/grap-1.38-bin.zip
Mar 29 2006 /grap/1.39/grap-1.39-bin.zip
Nov 26 2006 /grap/1.40/grap-1.40-bin.zip
Dec 28 2007 /grap/1.41/grap-1.41-bin.zip
Jan 05 2008 /grap/1.41-1/grap-1.41-1-bin.zip
Sep 23 2008 /grap/1.42/grap-1.42-bin.zip
Oct 28 2008 /grap/1.43/grap-1.43-bin.zip
Mar 31 2001 /grep/2.4.2/grep-2.4.2-bin.zip
Aug 18 2001 /grep/2.4.2-1/grep-2.4.2-1-bin.zip
Mar 16 2002 /grep/2.5/grep-2.5-bin.zip
Apr 19 2003 /grep/2.5.1/grep-2.5.1-bin.zip
Jun 14 2003 /grep/2.5.1-1/grep-2.5.1-1-bin.zip
Aug 28 2003 /grep/2.5.1-2/grep-2.5.1-2-bin.zip
Dec 24 2004 /grep/2.5.1a/grep-2.5.1a-bin.zip
May 15 2007 /grep/2.5.1a-1/grep-2.5.1a-1-bin.zip
Jun 22 2007 /grep/2.5.1a-2/grep-2.5.1a-2-bin.zip
Jul 26 2008 /grep/2.5.3/grep-2.5.3-bin.zip
Feb 13 2009 /grep/2.5.4/grep-2.5.4-bin.zip
Feb 23 2002 /grep/2.5g-alpha/grep-2.5g-alpha-bin.zip
Jan 29 2006 /gri/2.12.10/gri-2.12.10-bin.zip
May 08 2004 /gri/2.12.7/gri-2.12.7-bin.zip
Mar 27 2005 /gri/2.12.9/gri-2.12.9-bin.zip
Jul 11 2001 /gri/2.6.4/gri-2.6.4-bin.zip
Aug 04 2001 /gri/2.8.0/gri-2.8.0-bin.zip
Sep 09 2001 /gri/2.8.1/gri-2.8.1-bin.zip
Feb 16 2002 /gri/2.8.6/gri-2.8.6-bin.zip
Mar 29 2001 /groff/1.16.1/groff-1.16.1-bin.zip
Apr 19 2001 /groff/1.17/groff-1.17-bin.zip
Mar 30 2001 /groff/1.17-beta/groff-1.17-beta-20000228-bin.zip
Jun 23 2001 /groff/1.17.1/groff-1.17.1-bin.zip
Jul 10 2001 /groff/1.17.2/groff-1.17.2-bin.zip
Sep 17 2002 /groff/1.18/groff-1.18-bin.zip
Sep 19 2003 /groff/1.19/groff-1.19-bin.zip
May 15 2004 /groff/1.19.1/groff-1.19.1-bin.zip
Oct 25 2003 /groff/1.19.1-alpha/groff-1.19.1-alpha-bin.zip
Sep 09 2005 /groff/1.19.2/groff-1.19.2-bin.zip
Jan 10 2009 /groff/1.20.1/groff-1.20.1-bin.zip
Nov 24 2001 /gsar/1.10/gsar-1.10-bin.zip
Feb 13 2004 /gsar/1.11/gsar-1.11-bin.zip
Mar 13 2005 /gsar/1.12/gsar-1.12-bin.zip
Nov 03 2007 /gsar/1.20/gsar-1.20-bin.zip
Feb 04 2008 /gsar/1.21/gsar-1.21-bin.zip
May 25 2001 /gsl/0.8/gsl-0.8-bin.zip
Jul 14 2001 /gsl/0.9/gsl-0.9-bin.zip
Sep 20 2001 /gsl/0.9.2/gsl-0.9.2-bin.zip
Sep 22 2001 /gsl/0.9.3/gsl-0.9.3-bin.zip
Nov 12 2001 /gsl/1.0-1/gsl-1.0-bin.zip
Feb 19 2005 /gsl/1.6/gsl-1.6-bin.zip
Jul 11 2006 /gsl/1.8/gsl-1.8-bin.zip
Apr 10 2001 /gzip/1.2.4/gzip-1.2.4-bin.zip
May 26 2001 /gzip/1.3/gzip-1.3-bin.zip
Apr 03 2007 /gzip/1.3.11/gzip-1.3.11-bin.zip
Jun 23 2007 /gzip/1.3.12/gzip-1.3.12-bin.zip
Oct 15 2007 /gzip/1.3.12-1/gzip-1.3.12-1-bin.zip
Dec 29 2001 /gzip/1.3.2-alpha/gzip-1.3.2-alpha-bin.zip
Sep 21 2003 /gzip/1.3.5/gzip-1.3.5-bin.zip
Nov 19 2005 /gzip/1.3.5-2/gzip-1.3.5-2-bin.zip
Dec 10 2005 /gzip/1.3.5-3/gzip-1.3.5-3-bin.zip
Apr 03 2007 /gzip/1.3.9/gzip-1.3.9-bin.zip
Nov 17 2001 /hello/1.3/hello-1.3-bin.zip
Jul 15 2002 /hello/2.1.1/hello-2.1.1-bin.zip
May 09 2003 /hello/2.1.1-1/hello-2.1.1-1-bin.zip
Nov 26 2006 /hello/2.2/hello-2.2-bin.zip
Feb 10 2008 /hello/2.3/hello-2.3-bin.zip
Dec 10 2008 /hello/2.4/hello-2.4-bin.zip
Jul 15 2002 /help2man/1.28/help2man-1.28-bin.zip
Apr 24 2005 /help2man/1.35.1/help2man-1.35.1-bin.zip
Mar 04 2003 /hex2bin/1.02/hex2bin-1.02-bin.zip
Mar 04 2003 /hextools/1.0/hextools-1.0-bin.zip
Jul 31 2005 /hodie/1.4/hodie-1.4-bin.zip
Apr 28 2002 /hp2xx/3.4.2/hp2xx-3.4.2-bin.zip
May 14 2005 /hp2xx/3.4.4-2/hp2xx-3.4.4-2-bin.zip
Nov 19 2005 /id-utils/4.0/id-utils-4.0-bin.zip
Dec 24 2005 /id-utils/4.0-1/id-utils-4.0-1-bin.zip
Mar 09 2006 /id-utils/4.0-2/id-utils-4.0-2-bin.zip
Jul 05 2002 /imgtops2/0.1/imgtops2-0.1-bin.zip
Feb 15 2009 /indent/2.2.10/indent-2.2.10-bin.zip
Jan 13 2004 /indent/2.2.9/indent-2.2.9-bin.zip
Nov 28 2004 /iristools/2.1.5-10/sgitools-2.1.5-10-bin.zip
Jun 11 2004 /jbigkit/1.6/jbigkit-1.6-bin.zip
Feb 19 2004 /jpeg/6b-3/jpeg-6b-3-bin.zip
May 15 2005 /jpeg/6b-4/jpeg-6b-4-bin.zip
Jul 05 2002 /jpeg2ps/1.9/jpeg2ps-1.9-bin.zip
Nov 19 2005 /jpeg2ps/1.9-1/jpeg2ps-1.9-1-bin.zip
Dec 22 2004 /jwhois/3.2.2-2/jwhois-3.2.2-2-bin.zip
Sep 09 2005 /jwhois/3.2.3/jwhois-3.2.3-bin.zip
Nov 24 2001 /less/358/less-358-bin.zip
Mar 06 2002 /less/374/less-374-bin.zip
Jun 30 2002 /less/376/less-376-bin.zip
Oct 01 2003 /less/381/less-381-bin.zip
Mar 13 2005 /less/382/less-382-bin.zip
Mar 30 2005 /less/382-1/less-382-1-bin.zip
Apr 11 2005 /less/382-2/less-382-2-bin.zip
Jan 03 2006 /less/394/less-394-bin.zip
Jan 17 2004 /lha/1.14i/lha-1.14i-bin.zip
Nov 19 2005 /lha/1.14i-1/lha-1.14i-1-bin.zip
Apr 27 2005 /libarchive/1.02.019/libarchive-1.02.019-bin.zip
Jul 25 2005 /libarchive/1.02.027/libarchive-1.02.027-bin.zip
Aug 20 2005 /libarchive/1.02.030/libarchive-1.02.030-bin.zip
Sep 09 2005 /libarchive/1.02.032/libarchive-1.02.032-bin.zip
Nov 19 2005 /libarchive/1.02.036/libarchive-1.02.036-bin.zip
Nov 19 2005 /libarchive/1.2.37/bsdtar-1.2.37-bin.zip
Nov 19 2005 /libarchive/1.2.37/libarchive-1.2.37-bin.zip
Mar 16 2006 /libarchive/1.2.38/bsdtar-1.2.38-bin.zip
Mar 16 2006 /libarchive/1.2.38/libarchive-1.2.38-bin.zip
May 05 2007 /libarchive/2.1.10/libarchive-2.1.10-bin.zip
May 08 2007 /libarchive/2.2.1/libarchive-2.2.1-bin.zip
May 15 2007 /libarchive/2.2.2/libarchive-2.2.2-bin.zip
May 28 2007 /libarchive/2.2.3/libarchive-2.2.3-bin.zip
Jul 14 2007 /libarchive/2.2.4/libarchive-2.2.4-bin.zip
Jul 14 2007 /libarchive/2.2.5/libarchive-2.2.5-bin.zip
Oct 15 2007 /libarchive/2.3.4/libarchive-2.3.4-bin.zip
Nov 03 2007 /libarchive/2.4.0/libarchive-2.4.0-bin.zip
Feb 04 2008 /libarchive/2.4.12/libarchive-2.4.12-bin.zip
Jun 27 2008 /libarchive/2.4.12-1/libarchive-2.4.12-1-bin.zip
Nov 19 2005 /libart_lgpl/2.3.17/libart_lgpl-2.3.17-bin.zip
Jun 30 2002 /libart_lgpl/2.3.3-1/libart-2.3.3-bin.zip
Aug 20 2005 /libconfig/0.1.16/libconfig-0.1.16-bin.zip
Apr 15 2001 /libiconv/1.6/libiconv-1.6-bin.zip
Jun 17 2001 /libiconv/1.6.1/libiconv-1.6.1-bin.zip
Jun 30 2001 /libiconv/1.7/libiconv-1.7-bin.zip
Feb 02 2003 /libiconv/1.8/libiconv-1.8-bin.zip
Feb 08 2003 /libiconv/1.8-1/libiconv-1.8-1-bin.zip
Jan 29 2006 /libiconv/1.9.2-1/libiconv-1.9.2-1-bin.zip
Apr 04 2003 /libintl/0.11.5-2/libintl-0.11.5-2-bin.zip
May 07 2005 /libintl/0.14.4/libintl-0.14.4-bin.zip
Aug 20 2005 /libopennet/0.9.1/libopennet-0.9.1-bin.zip
Feb 01 2005 /libpaper/1.1.14-3/libpaper-1.1.14-3-bin.zip
Nov 19 2005 /libpaper/1.1.14-4/libpaper-1.1.14-4-bin.zip
May 09 2007 /libpaper/1.1.21/libpaper-1.1.21-bin.zip
Apr 13 2001 /libpng/1.0.10/libpng-1.0.10-bin.zip
May 04 2001 /libpng/1.0.11/libpng-1.0.11-bin.zip
Jun 09 2001 /libpng/1.0.12/libpng-1.0.12-bin.zip
May 24 2002 /libpng/1.0.13/libpng-1.0.13-bin.zip
Jan 16 2004 /libpng/1.0.15-1/libpng-1.0.15-1-bin.zip
Sep 19 2004 /libpng/1.0.17/libpng-1.0.17-bin.zip
Dec 04 2004 /libpng/1.0.18/libpng-1.0.18-bin.zip
Mar 26 2001 /libpng/1.0.9/libpng-1.0.9-bin.zip
Sep 09 2001 /libpng/1.2.0/libpng-1.2.0-bin.zip
Dec 15 2001 /libpng/1.2.1/libpng-1.2.1-bin.zip
Apr 18 2002 /libpng/1.2.2/libpng-1.2.2-bin.zip
Jan 02 2008 /libpng/1.2.24/libpng-1.2.24-bin.zip
May 24 2002 /libpng/1.2.3/libpng-1.2.3-bin.zip
Nov 07 2008 /libpng/1.2.33/libpng-1.2.33-bin.zip
Dec 20 2008 /libpng/1.2.34/libpng-1.2.34-bin.zip
Dec 20 2008 /libpng/1.2.34-1/libpng-1.2.34-1-bin.zip
Feb 19 2009 /libpng/1.2.35/libpng-1.2.35-bin.zip
May 07 2009 /libpng/1.2.36/libpng-1.2.36-bin.zip
Jun 04 2009 /libpng/1.2.37/libpng-1.2.37-bin.zip
Jul 08 2002 /libpng/1.2.4/libpng-1.2.4-bin.zip
Aug 14 2002 /libpng/1.2.4-1/libpng-1.2.4-1-bin.zip
Apr 26 2003 /libpng/1.2.5/libpng-1.2.5-bin.zip
Jan 16 2004 /libpng/1.2.5-1/libpng-1.2.5-1-bin.zip
Sep 19 2004 /libpng/1.2.7/libpng-1.2.7-bin.zip
Dec 04 2004 /libpng/1.2.8/libpng-1.2.8-bin.zip
Feb 10 2008 /libtool/1.5.28/libtool-1.5.26-bin.zip
Dec 19 2004 /libtool/1.5.8/libtool-1.5.8-bin.zip
Mar 30 2001 /libungif/4.1.0b1/libungif-4.1.0b1-bin.zip
Oct 25 2005 /libungif/4.1.4/libungif-4.1.4-bin.zip
Mar 01 2007 /libungif/4.1.4-1/libungif-4.1.4-1-bin.zip
Sep 27 2003 /libutf8/0.8/libutf8-0.8-bin.zip
Jan 18 2005 /libwmf/0.2.8.3-1/libwmf-0.2.8.3-1-bin.zip
Apr 16 2004 /libxmi/1.2-1/libxmi-1.2-1-bin.zip
Mar 05 2002 /libxml/1.8.17/libxml1-1.8.17-bin.zip
Dec 23 2001 /libxml/2.4.12-1/libxml2-2.4.12-bin.zip
Dec 23 2001 /libxslt/1.0.9/libxslt-1.0.9-bin.zip
Oct 12 2008 /m4/1.4.12/m4-1.4.12-bin.zip
May 04 2009 /m4/1.4.13/m4-1.4.13-bin.zip
Apr 02 2005 /m4/1.4.3/m4-1.4.3-bin.zip
Nov 19 2005 /m4/1.4.4/m4-1.4.4-bin.zip
Apr 03 2007 /m4/1.4.9/m4-1.4.9-bin.zip
Nov 25 2006 /make/3.81/make-3.81-bin.zip
Oct 17 2003 /mawk/1.3.3/mawk-1.3.3-bin.zip
Nov 19 2005 /mawk/1.3.3-1/mawk-1.3.3-1-bin.zip
Jan 05 2008 /minised/1.12/minised-1.12-bin.zip
Oct 24 2004 /miscfiles/1.4.2/miscfiles-1.4.2-bin.zip
Dec 09 2001 /mktemp/1.4/mktemp-1.4-bin.zip
Apr 02 2003 /mktemp/1.5/mktemp-1.5-bin.zip
Jun 28 2003 /mktemp/1.5-1/mktemp-1.5-1-bin.zip
Feb 01 2005 /mktemp/1.5-2/mktemp-1.5-2-bin.zip
Jan 11 2009 /mktemp/1.6/mktemp-1.6-bin.zip
Mar 14 2004 /mscompress/0.3/mscompress-0.3-bin.zip
Oct 17 2003 /nawk/2003.07.29/nawk-2003.07.29-bin.zip
Mar 05 2004 /nawk/2004.02.07/nawk-2004.02.07-bin.zip
Feb 01 2005 /nawk/2004.12.22/nawk-2004.12.22-bin.zip
Nov 19 2005 /nawk/2005.04.24/nawk-2005.04.24-bin.zip
Jan 05 2008 /nawk/2007.05.01/nawk-2007.05.01-bin.zip
Feb 09 2008 /nawk/2007.10.23/nawk-2007.10.23-bin.zip
Mar 13 2005 /nenscript/1.13.3/nenscript-1.13.3-bin.zip
Dec 27 2003 /netpbm/10.18.4/netpbm-10.18.4-bin.zip
May 12 2005 /netpbm/10.27/netpbm-10.27-bin.zip
Mar 15 2004 /ntfsprogs/1.9.0/ntfsprogs-1.9.0-bin.zip
Oct 03 2003 /openssl/0.9.7c/openssl-0.9.7c-bin.zip
Aug 22 2008 /openssl/0.9.8h/openssl-0.9.8h-bin.zip
Dec 04 2008 /openssl/0.9.8h-1/openssl-0.9.8h-1-bin.zip
Apr 18 2001 /palm pilot/imgvtopgm-2.0-1/imgvtopgm-2.0-bin.zip
Apr 18 2001 /palm pilot/pbitmtopgm-1.4/pbitmtopbm-1.4-bin.zip
Apr 18 2001 /palm pilot/ppmtoTbmp-1.1/ppmtotbmp-1.1-bin.zip
Jul 26 2003 /patch/2.5/patch-2.5-bin.zip
Nov 13 2001 /patch/2.5.4/patch-2.5.4-bin.zip
May 31 2002 /patch/2.5.4-1/patch-2.5.4-1-bin.zip
Jun 07 2003 /patch/2.5.4-2/patch-2.5.4-2-bin.zip
Jul 26 2003 /patch/2.5.4-3/patch-2.5.4-3-bin.zip
Jun 01 2002 /patch/2.5.7-alpha/patch-2.5.7-alpha-bin.zip
Jan 03 2005 /patch/2.5.9/patch-2.5.9-bin.zip
Mar 24 2005 /patch/2.5.9-2/patch-2.5.9-2-bin.zip
Jul 25 2005 /patch/2.5.9-3/patch-2.5.9-3-bin.zip
Mar 10 2006 /patch/2.5.9-4/patch-2.5.9-4-bin.zip
Apr 26 2006 /patch/2.5.9-5/patch-2.5.9-5-bin.zip
May 02 2006 /patch/2.5.9-6/patch-2.5.9-6-bin.zip
May 15 2007 /patch/2.5.9-7/patch-2.5.9-7-bin.zip
Mar 06 2002 /pbmadd/1.1/pbmadd-1.1-bin.zip
May 12 2005 /pbmadd/1.1-2/pbmadd-1.1-2-bin.zip
Nov 19 2005 /pbmadd/1.1-3/pbmadd-1.1-3-bin.zip
Aug 21 2001 /pcre/3.5/pcre-3.5-bin.zip
Nov 10 2001 /pcre/3.6/pcre-3.6-bin.zip
Dec 08 2001 /pcre/3.7/pcre-3.7-bin.zip
Dec 15 2001 /pcre/3.7-1/pcre-3.7-1-bin.zip
Dec 22 2001 /pcre/3.8/pcre-3.8-bin.zip
Jan 16 2002 /pcre/3.9/pcre-3.9-bin.zip
Mar 20 2003 /pcre/4.1/pcre-4.1-bin.zip
Jun 14 2003 /pcre/4.3/pcre-4.3-bin.zip
Aug 08 2003 /pcre/4.3-1/pcre-4.3-1-bin.zip
Aug 08 2003 /pcre/4.3-2/pcre-4.3-2-bin.zip
Aug 28 2003 /pcre/4.4/pcre-4.4-bin.zip
Nov 14 2004 /pcre/5.0/pcre-5.0-bin.zip
Aug 20 2005 /pcre/6.3/pcre-6.3-bin.zip
Nov 19 2005 /pcre/6.4/pcre-6.4-bin.zip
Jan 03 2006 /pcre/6.4-1/pcre-6.4-1-bin.zip
Apr 03 2007 /pcre/7.0/pcre-7.0-bin.zip
Mar 13 2005 /pdcurses/2.6/pdcurses-2.6-bin.zip
Mar 05 2002 /pdflib-lite/4.0.2/pdflib-4.0.2-bin.zip
May 13 2005 /pdflib-lite/6.0.1/pdflib-lite-6.0.1-bin.zip
Aug 13 2005 /pdflib-lite/6.0.2/pdflib-lite-6.0.2-bin.zip
Mar 05 2002 /piechart/0.11/piechart-0.11-bin.zip
Nov 19 2005 /piechart/0.13/piechart-0.13-bin.zip
Apr 16 2004 /plotutils/2.4.1-4/plotutils-2.4.1-4-bin.zip
Jan 26 2004 /pngutils/1.2.5/pngutils-1.2.5-bin.zip
Oct 18 2003 /polyglotman (rman)/3.2/polyglotman-3.2-bin.zip
Oct 04 2003 /popt/1.8-1/popt-1.8-1-bin.zip
Jan 17 2005 /psmark/2.1/psmark-2.1-bin.zip
Nov 19 2005 /psutils/1.17-2/psutils-1.17-2-bin.zip
Apr 05 2001 /psutils/p17/psutils-1.17-bin.zip
Mar 15 2005 /re2c/0.9.4/re2c-0.9.4-bin.zip
Mar 11 2005 /readline/4.3/readline-4.3-bin.zip
Mar 11 2005 /readline/5.0/readline-5.0-bin.zip
Jan 02 2008 /readline/5.0-1/readline-5.0-1-bin.zip
Aug 24 2002 /regex/0.12/regex-0.12-bin.zip
Nov 03 2007 /regex/2.7/regex-2.7-bin.zip
Oct 01 2003 /regex-Spencer/3.8/regex-spencer-3.8-bin.zip
Dec 19 2006 /regex-Spencer/3.8.g.3-1/rxspencer-3.8.g.3-1-bin.zip
May 20 2004 /regex-Spencer/3.8.g3/regex-spencer-3.8.g.3-bin.zip
Aug 24 2002 /regex-Spencer/3.8a/regex-3.8a-bin.zip
Mar 03 2003 /rpl/1.4.0/rpl-1.4.0-bin.zip
Apr 05 2003 /rpl/1.4.0-1/rpl-1.4.0-1-bin.zip
Nov 19 2005 /rpl/1.4.0-2/rpl-1.4.0-2-bin.zip
Jun 17 2008 /rpl/1.4.1/rpl-1.4.1-bin.zip
Jul 19 2008 /rpl/1.4.1-1/rpl-1.4.1-1-bin.zip
Dec 02 2001 /rx/1.5/rx-1.5-bin.zip
Nov 19 2005 /rx/1.5-1/rx-1.5-1-bin.zip
Aug 08 2001 /scribe2latex/1.0/scribe2latex-1.0-bin.zip
Jan 29 2002 /sed/1.18/sed-1.18-bin.zip
Jan 29 2002 /sed/1.3/sed-1.3-bin.zip
Mar 08 2004 /sed/1.4/sed-1.4-bin.zip
Jan 29 2002 /sed/2.05/sed-2.05-bin.zip
Mar 31 2001 /sed/3.0.2/sed-3.02-bin.zip
Aug 05 2001 /sed/3.02.80/sed-3.02.80-bin.zip
Nov 02 2002 /sed/4.0/sed-4.0-bin.zip
Mar 23 2003 /sed/4.0.6/sed-4.0.6-bin.zip
Apr 06 2003 /sed/4.0.6-1/sed-4.0.6-1-bin.zip
Apr 16 2003 /sed/4.0.7/sed-4.0.7-bin.zip
Feb 05 2004 /sed/4.0.8/sed-4.0.8-bin.zip
Feb 29 2004 /sed/4.0.9/sed-4.0.9-bin.zip
Nov 14 2004 /sed/4.1.2/sed-4.1.2-bin.zip
Apr 22 2005 /sed/4.1.4/sed-4.1.4-bin.zip
Jul 01 2007 /sed/4.1.5/sed-4.1.5-bin.zip
May 04 2009 /sed/4.2/sed-4.2-bin.zip
Jun 07 2009 /sed/4.2-1/sed-4.2-1-bin.zip
Jan 31 2005 /sgrep/1.94a/sgrep-1.94a-bin.zip
Mar 12 2004 /sharutils/4.2.1-3/sharutils-4.2.1-3-bin.zip
Nov 19 2005 /src-highlite/2.1.2/src-highlite-2.1.2-bin.zip
Aug 09 2008 /sunrpc/4.0/sunrpc-4.0-bin.zip
Nov 17 2001 /t1lib/1.3.1/t1lib-1.3.1-bin.zip
Nov 14 2004 /t1lib/5.0.2/t1lib-5.0.2-bin.zip
Aug 13 2005 /t1lib/5.1.0/t1lib-5.1.0-bin.zip
Mar 30 2001 /t1utils/1.22/t1utils-1.22-bin.zip
Jun 22 2001 /t1utils/1.23/t1utils-1.23-bin.zip
Sep 09 2001 /t1utils/1.24/t1utils-1.24-bin.zip
Jan 24 2002 /t1utils/1.25/t1utils-1.25-bin.zip
Apr 18 2002 /t1utils/1.26/t1utils-1.26-bin.zip
Mar 27 2003 /t1utils/1.27/t1utils-1.27-bin.zip
Aug 09 2003 /t1utils/1.28-1/t1utils-1.28-1-bin.zip
Oct 12 2003 /t1utils/1.29/t1utils-1.29-bin.zip
Feb 15 2004 /t1utils/1.30/t1utils-1.30-bin.zip
Feb 25 2004 /t1utils/1.32/t1utils-1.32-bin.zip
Feb 04 2008 /t1utils/1.33/t1utils-1.33-bin.zip
Mar 24 2008 /t1utils/1.34/t1utils-1.34-bin.zip
Oct 03 2003 /tar/1.13-1/tar-1.13-1-bin.zip
Mar 16 2002 /termcap/1.3.1/termcap-1.3.1-bin.zip
Oct 02 2008 /texinfo/4.13a/texinfo-4.13a-bin.zip
Mar 24 2005 /texinfo/4.8/texinfo-4.8-bin.zip
Mar 30 2001 /tiff/3.5.6b/libtiff-3.5.6b-bin.zip
Nov 29 2001 /tiff/3.5.7/tiff-3.5.7-bin.zip
Jan 12 2002 /tiff/3.5.7-1/tiff-3.5.7-1-bin.zip
Jan 12 2002 /tiff/3.5.7-1/tiff_win32-3.5.7-1-bin.zip
Dec 28 2003 /tiff/3.6.1/tiff-3.6.1-bin.zip
Jan 03 2004 /tiff/3.6.1-1/tiff-3.6.1-1-bin.zip
Jan 03 2004 /tiff/3.6.1-1-win32/tiff-win32-3.6.1-1-bin.zip
Feb 10 2004 /tiff/3.6.1-2/tiff-3.6.1-2-bin.zip
Feb 10 2004 /tiff/3.6.1-2-win32/tiff-win32-3.6.1-2-bin.zip
Jan 02 2004 /tiff/3.6.1-win32/tiff-win32-3.6.1-bin.zip
Feb 18 2005 /tiff/3.7.1/tiff-3.7.1-bin.zip
May 15 2005 /tiff/3.7.2/tiff-3.7.2-bin.zip
Jul 31 2005 /tiff/3.7.3/tiff-3.7.3-bin.zip
Nov 19 2005 /tiff/3.7.4/tiff-3.7.4-bin.zip
Dec 30 2005 /tiff/3.8.0/tiff-3.8.0-bin.zip
Mar 16 2006 /tiff/3.8.1/tiff-3.8.1-bin.zip
Mar 23 2006 /tiff/3.8.2/tiff-3.8.2-bin.zip
Mar 30 2006 /tiff/3.8.2-1/tiff-3.8.2-1-bin.zip
Mar 30 2006 /tre/0.7.2/tre-0.7.2-bin.zip
Dec 20 2008 /tre/0.7.5/tre-0.7.5-bin.zip
Oct 14 2002 /tree/1.3/tree-1.3-bin.zip
Oct 09 2004 /tree/1.5.0/tree-1.5.0-bin.zip
Jul 08 2007 /tree/1.5.1.1/tree-1.5.1.1-bin.zip
Sep 02 2007 /tree/1.5.1.1-1/tree-1.5.1.1-1-bin.zip
Jun 13 2008 /tree/1.5.2/tree-1.5.2-bin.zip
Sep 26 2008 /tree/1.5.2.1/tree-1.5.2.1-bin.zip
Feb 09 2009 /tree/1.5.2.2/tree-1.5.2.2-bin.zip
Sep 23 2008 /troff/7-3/troff-7-3-bin.zip
Jan 02 2004 /ttf2pt1/3.4.4/ttf2pt1-3.4.4-bin.zip
Mar 11 2005 /units/1.80/units-1.80-bin.zip
Sep 28 2008 /units/1.87/units-1.87-bin.zip
Feb 20 2005 /unrar/3.4.3/unrar-3.4.3-bin.zip
Feb 12 2005 /unrtf/0.19.3/unrtf-0.19.3-bin.zip
Feb 14 2005 /unzip/5.51-1/unzip-5.51-1-bin.zip
Dec 27 2003 /urt/3.1b1-2/urt-3.1.b.1-2-bin.zip
Sep 28 2008 /util-linux/2.14.1/util-linux-ng-2.14.1-bin.zip
Aug 20 2005 /wget/1.10.1/wget-1.10.1-bin.zip
Aug 29 2008 /wget/1.11.4/wget-1.11.4-bin.zip
Dec 31 2008 /wget/1.11.4-1/wget-1.11.4-1-bin.zip
Nov 07 2003 /wget/1.9-1/wget-1.9-1-bin.zip
Mar 10 2002 /which/2.13/which-2.13-bin.zip
Jan 17 2004 /which/2.16/which-2.16-bin.zip
Feb 15 2004 /which/2.16-1/which-2.16-1-bin.zip
Feb 15 2004 /which/2.16-2/which-2.16-2-bin.zip
Apr 11 2005 /which/2.16-3/which-2.16-3-bin.zip
May 01 2005 /which/2.16-4/which-2.16-4-bin.zip
Dec 28 2007 /which/2.18/which-2.18-bin.zip
Feb 08 2008 /which/2.19/which-2.19-bin.zip
Feb 09 2008 /which/2.19-1/which-2.19-1-bin.zip
Aug 10 2008 /which/2.20/which-2.20-bin.zip
Nov 21 2004 /wv/1.0.2/wv-1.0.2-bin.zip
Jul 24 2002 /x86info/1.10/x86info-1.10-bin.zip
Mar 30 2003 /x86info/1.11/x86info-1.11-bin.zip
Aug 09 2003 /x86info/1.12b-1/x86info-1.12b-1-bin.zip
Jul 31 2005 /x86info/1.13/x86info-1.13-bin.zip
Sep 04 2005 /x86info/1.15/x86info-1.15-bin.zip
Dec 10 2005 /x86info/1.17/x86info-1.17-bin.zip
Nov 26 2006 /x86info/1.20/x86info-1.20-bin.zip
Jun 13 2008 /x86info/1.21/x86info-1.21-bin.zip
Jul 18 2002 /x86info/1.9/x86info-1.9-bin.zip
Oct 14 2003 /xpdf/2.03/xpdf-2.03-bin.zip
Feb 14 2005 /xpm/3.5.1-1/xpm-3.5.1-1-bin.zip
Feb 14 2005 /xpm2wico/0.2.4.3/xpm2wico-0.2.4.3-bin.zip
Feb 24 2005 /zimg/4.22.0/zimg-4.22.0-bin.zip
Aug 26 2005 /zimg/4.24.0/zimg-4.24.0-bin.zip
Jun 13 2002 /zip/2.3/zip-2.3-bin.zip
Oct 05 2003 /zip/2.3-1/zip-2.3-1-bin.zip
Mar 13 2004 /zip/2.3-2/zip-2.3-2-bin.zip
Jun 09 2004 /zip/2.3-3/zip-2.3-3-bin.zip
Mar 13 2005 /zip/2.31/zip-2.31-bin.zip
Jul 13 2008 /zip/3.0/zip-3.0-bin.zip
Apr 09 2001 /zlib/1.1.3/zlib-1.1.3-bin.zip
Mar 11 2002 /zlib/1.1.4/zlib-1.1.4-bin.zip
May 06 2003 /zlib/1.1.4-1/zlib-1.1.4-1-bin.zip
Jan 13 2004 /zlib/1.2.1/zlib-1.2.1-1-bin.zip
Jan 02 2005 /zlib/1.2.2/zlib-1.2.2-bin.zip
Jul 25 2005 /zlib/1.2.3/zlib-1.2.3-bin.zip
