Mar 15 2005 /a2ps/4.13b-1/a2ps-4.13b-1-dep.zip
Dec 28 2007 /a2ps/4.13b-3/a2ps-4.13b-3-dep.zip
Jan 01 2008 /a2ps/4.14/a2ps-4.14-dep.zip
Mar 14 2008 /a2ps/4.14-1/a2ps-4.14-1-dep.zip
Nov 19 2005 /asciichart/0.9/ascii_chart-0.9-dep.zip
Mar 15 2004 /attr/2.4.14/attr-2.4.14-dep.zip
Feb 01 2005 /barcode/0.98-1/barcode-0.98-1-dep.zip
May 09 2007 /barcode/0.98-2/barcode-0.98-2-dep.zip
Mar 11 2005 /bc/1.06-2/bc-1.06-2-dep.zip
Apr 11 2004 /bison/1.875/bison-1.875-dep.zip
Apr 12 2004 /bison/1.875-1/bison-1.875-1-dep.zip
Jul 10 2004 /bison/1.875-3/bison-1.875-3-dep.zip
Oct 09 2004 /bison/1.875-4/bison-1.875-4-dep.zip
Nov 19 2005 /bison/2.1/bison-2.1-dep.zip
Mar 14 2008 /bison/2.4.1/bison-2.4.1-dep.zip
Mar 11 2005 /calc/2.11.10.1/calc-2.11.10.1-dep.zip
Oct 25 2003 /chess/5.07/chess-5.07-dep.zip
Apr 12 2004 /coreutils/2.1/textutils-2.1-1-dep.zip
Mar 10 2005 /coreutils/5.2.1-1/coreutils-5.2.1-1-dep.zip
Apr 21 2005 /coreutils/5.3.0/coreutils-5.3.0-dep.zip
Jul 25 2005 /cpio/2.6/cpio-2.6-dep.zip
Dec 24 2005 /cpio/2.6-1/cpio-2.6-1-dep.zip
Mar 09 2006 /cpio/2.6-2/cpio-2.6-2-dep.zip
May 12 2005 /cygutils/1.2.7-2/cygutils-1.2.7-2-dep.zip
Jul 25 2005 /cygutils/1.2.8/cygutils-1.2.8-dep.zip
Aug 21 2005 /cygutils/1.2.9/cygutils-1.2.9-dep.zip
May 06 2005 /cygutils/1.3.2/cygutils-1.3.2-dep.zip
Mar 24 2004 /deroff/2.0/deroff-2.0-dep.zip
Jul 10 2007 /diction/1.10/diction-1.10-dep.zip
Jul 11 2007 /diction/1.10-1/diction-1.10-1-dep.zip
Sep 13 2007 /diction/1.11/diction-1.11-dep.zip
Aug 03 2007 /diction/1.11-rc4/diction-1.11-rc4-dep.zip
Aug 09 2007 /diction/1.11-rc5/diction-1.11-rc5-dep.zip
May 24 2004 /diffutils/2.8.7-1/diffutils-2.8.7-1-dep.zip
Mar 15 2008 /ed/0.9/ed-0.9-dep.zip
Oct 24 2007 /ed/1.0/ed-1.0-dep.zip
Oct 24 2007 /ed/1.1/ed-1.1-dep.zip
Oct 24 2007 /ed/1.2/ed-1.2-dep.zip
Nov 19 2005 /fax2png/1.0/fax2png-1.0-dep.zip
Mar 29 2006 /fax2png/1.0-1/fax2png-1.0-1-dep.zip
Sep 26 2003 /file/4.03/file-4.03-dep.zip
Sep 28 2003 /file/4.03-1/file-4.03-1-dep.zip
Sep 30 2003 /file/4.04/file-4.04-dep.zip
Oct 15 2003 /file/4.06/file-4.06-dep.zip
Mar 04 2004 /file/4.07/file-4.07-dep.zip
Mar 24 2004 /file/4.08/file-4.08-dep.zip
May 19 2004 /file/4.09/file-4.09-dep.zip
Nov 23 2004 /file/4.11/file-4.11-dep.zip
Nov 28 2004 /file/4.12/file-4.12-dep.zip
Feb 10 2005 /file/4.13/file-4.13-dep.zip
Jul 31 2005 /file/4.14/file-4.14-dep.zip
Aug 20 2005 /file/4.15/file-4.15-dep.zip
Nov 19 2005 /file/4.16/file-4.16-dep.zip
Jan 29 2006 /file/4.16-1/file-4.16-1-dep.zip
Nov 03 2006 /file/4.18/file-4.18-dep.zip
Apr 03 2007 /file/4.20/file-4.20-dep.zip
May 26 2007 /file/4.21/file-4.21-dep.zip
Feb 04 2008 /file/4.23/file-4.23-dep.zip
Oct 24 2007 /file/4.24/file-4.24-dep.zip
Oct 24 2007 /file/4.25-1/file-4.25-1-dep.zip
Oct 24 2007 /file/4.26/file-4.26-dep.zip
Oct 24 2007 /file/5.00/file-5.00-dep.zip
Oct 24 2007 /file/5.03/file-5.03-dep.zip
Apr 18 2005 /findutils/4.2.20-2/findutils-4.2.20-2-dep.zip
Sep 10 2005 /freetype/2.1.10/freetype-2.1.10-dep.zip
Dec 27 2003 /freetype/2.1.5/freetype-2.1.5-dep.zip
Feb 14 2004 /freetype/2.1.7/freetype-2.1.7-dep.zip
Feb 15 2004 /freetype/2.1.7-1/freetype-2.1.7-1-dep.zip
May 09 2004 /freetype/2.1.8/freetype-2.1.8-dep.zip
Jun 27 2007 /freetype/2.3.4/freetype-2.3.4-dep.zip
Jul 04 2007 /freetype/2.3.5/freetype-2.3.5-dep.zip
Mar 14 2008 /freetype/2.3.5-1/freetype-2.3.5-1-dep.zip
Dec 13 2003 /gawk/3.1.0-2/gawk-3.1.0-2-dep.zip
Feb 29 2004 /gawk/3.1.3/gawk-3.1.3-dep.zip
May 29 2004 /gawk/3.1.3-1/gawk-3.1.3-1-dep.zip
Jun 02 2004 /gawk/3.1.3-2/gawk-3.1.3-2-dep.zip
Nov 14 2004 /gawk/3.1.4/gawk-3.1.4-dep.zip
Nov 28 2004 /gcal/3.01-1/gcal-3.01-1-dep.zip
Feb 23 2005 /gd/2.0.33/gd-2.0.33-dep.zip
Aug 26 2005 /gd/2.0.33-1/gd-2.0.33-1-dep.zip
May 27 2004 /gettext/0.14.1/gettext-0.14.1-dep.zip
May 07 2005 /gettext/0.14.4/gettext-0.14.4-dep.zip
Oct 25 2005 /giflib/4.1.4/giflib-4.1.4-dep.zip
Feb 21 2007 /giflib/4.1.4-1/giflib-4.1.4-1-dep.zip
Feb 10 2008 /glpk/4.34/glpk-4.34-dep.zip
Aug 28 2003 /grep/2.5.1-2/grep-2.5.1-2-dep.zip
Dec 24 2004 /grep/2.5.1a/grep-2.5.1a-dep.zip
May 15 2007 /grep/2.5.1a-1/grep-2.5.1a-1-dep.zip
Jun 22 2007 /grep/2.5.1a-2/grep-2.5.1a-2-dep.zip
Mar 14 2008 /grep/2.5.3/grep-2.5.3-dep.zip
Mar 14 2008 /grep/2.5.4/grep-2.5.4-dep.zip
Jan 29 2006 /gri/2.12.10/gri-2.12.10-dep.zip
May 08 2004 /gri/2.12.7/gri-2.12.7-dep.zip
Mar 27 2005 /gri/2.12.9/gri-2.12.9-dep.zip
May 15 2004 /groff/1.19.1/groff-1.19.1-dep.zip
Oct 25 2003 /groff/1.19.1-alpha/groff-1.19.1-alpha-dep.zip
Mar 14 2008 /groff/1.20.1/groff-1.20.1-dep.zip
Nov 19 2005 /hello/2.1.1-1/hello-2.1.1-1-dep.zip
Nov 26 2006 /hello/2.2/hello-2.2-dep.zip
Feb 10 2008 /hello/2.3/hello-2.3-dep.zip
May 06 2005 /hello/2.4/hello-2.4-dep.zip
May 14 2005 /hp2xx/3.4.4-2/hp2xx-3.4.4-2-dep.zip
Nov 19 2005 /id-utils/4.0/id-utils-4.0-dep.zip
Dec 24 2005 /id-utils/4.0-1/id-utils-4.0-1-dep.zip
Mar 09 2006 /id-utils/4.0-2/id-utils-4.0-2-dep.zip
Mar 14 2008 /indent/2.2.10/indent-2.2.10-dep.zip
Jan 13 2004 /indent/2.2.9/indent-2.2.9-dep.zip
Nov 28 2004 /iristools/2.1.5-10/sgitools-2.1.5-10-dep.zip
Feb 19 2004 /jpeg/6b-3/jpeg-6b-3-dep.zip
May 15 2005 /jpeg/6b-4/jpeg-6b-4-dep.zip
Dec 22 2004 /jwhois/3.2.2-2/jwhois-3.2.2-2-dep.zip
Sep 09 2005 /jwhois/3.2.3/jwhois-3.2.3-dep.zip
Oct 01 2003 /less/381/less-381-dep.zip
Mar 13 2005 /less/382/less-382-dep.zip
Mar 30 2005 /less/382-1/less-382-1-dep.zip
Apr 11 2005 /less/382-2/less-382-2-dep.zip
Jan 03 2006 /less/394/less-394-dep.zip
Apr 27 2005 /libarchive/1.02.019/libarchive-1.02.019-dep.zip
Jul 25 2005 /libarchive/1.02.027/libarchive-1.02.027-dep.zip
Aug 20 2005 /libarchive/1.02.030/libarchive-1.02.030-dep.zip
Sep 09 2005 /libarchive/1.02.032/libarchive-1.02.032-dep.zip
Nov 19 2005 /libarchive/1.02.036/libarchive-1.02.036-dep.zip
Nov 19 2005 /libarchive/1.2.37/bsdtar-1.2.37-dep.zip
Nov 19 2005 /libarchive/1.2.37/libarchive-1.2.37-dep.zip
Mar 16 2006 /libarchive/1.2.38/bsdtar-1.2.38-dep.zip
Mar 16 2006 /libarchive/1.2.38/libarchive-1.2.38-dep.zip
May 05 2007 /libarchive/2.1.10/libarchive-2.1.10-dep.zip
May 08 2007 /libarchive/2.2.1/libarchive-2.2.1-dep.zip
May 15 2007 /libarchive/2.2.2/libarchive-2.2.2-dep.zip
May 28 2007 /libarchive/2.2.3/libarchive-2.2.3-dep.zip
Jul 14 2007 /libarchive/2.2.4/libarchive-2.2.4-dep.zip
Jul 14 2007 /libarchive/2.2.5/libarchive-2.2.5-dep.zip
Oct 15 2007 /libarchive/2.3.4/libarchive-2.3.4-dep.zip
Nov 03 2007 /libarchive/2.4.0/libarchive-2.4.0-dep.zip
Feb 04 2008 /libarchive/2.4.12/libarchive-2.4.12-dep.zip
Mar 31 2008 /libarchive/2.4.12-1/libarchive-2.4.12-1-dep.zip
Aug 20 2005 /libconfig/0.1.16/libconfig-0.1.16-dep.zip
Jan 29 2006 /libiconv/1.9.2-1/libiconv-1.9.2-1-dep.zip
May 07 2005 /libintl/0.14.4/libintl-0.14.4-dep.zip
Jan 16 2004 /libpng/1.0.15-1/libpng-1.0.15-1-dep.zip
Sep 19 2004 /libpng/1.0.17/libpng-1.0.17-dep.zip
Dec 04 2004 /libpng/1.0.18/libpng-1.0.18-dep.zip
Jan 02 2008 /libpng/1.2.24/libpng-1.2.24-dep.zip
Mar 23 2007 /libpng/1.2.34/libpng-1.2.34-dep.zip
Mar 23 2007 /libpng/1.2.34-1/libpng-1.2.34-1-dep.zip
Mar 23 2007 /libpng/1.2.35/libpng-1.2.35-dep.zip
Mar 23 2007 /libpng/1.2.36/libpng-1.2.36-dep.zip
Mar 23 2007 /libpng/1.2.37/libpng-1.2.37-dep.zip
Jan 16 2004 /libpng/1.2.5-1/libpng-1.2.5-1-dep.zip
Sep 19 2004 /libpng/1.2.7/libpng-1.2.7-dep.zip
Dec 04 2004 /libpng/1.2.8/libpng-1.2.8-dep.zip
Oct 25 2005 /libungif/4.1.4/libungif-4.1.4-dep.zip
Mar 01 2007 /libungif/4.1.4-1/libungif-4.1.4-1-dep.zip
Jan 18 2005 /libwmf/0.2.8.3-1/libwmf-0.2.8.3-1-dep.zip
Oct 24 2007 /m4/1.4.12/m4-1.4.12-dep.zip
Oct 24 2007 /m4/1.4.13/m4-1.4.13-dep.zip
Nov 25 2006 /make/3.81/make-3.81-dep.zip
Dec 27 2003 /netpbm/10.18.4/netpbm-10.18.4-dep.zip
May 12 2005 /netpbm/10.27/netpbm-10.27-dep.zip
Mar 15 2004 /ntfsprogs/1.9.0/ntfsprogs-1.9.0-dep.zip
Aug 08 2003 /pcre/4.3-2/pcre-4.3-2-dep.zip
Nov 19 2005 /pcre/6.4/pcre-6.4-dep.zip
Nov 19 2005 /piechart/0.13/piechart-0.13-dep.zip
Apr 16 2004 /plotutils/2.4.1-4/plotutils-2.4.1-4-dep.zip
Jan 26 2004 /pngutils/1.2.5/pngutils-1.2.5-dep.zip
Oct 04 2003 /popt/1.8-1/popt-1.8-1-dep.zip
Nov 19 2005 /psutils/1.17-2/psutils-1.17-2-dep.zip
Feb 05 2004 /sed/4.0.8/sed-4.0.8-dep.zip
Feb 29 2004 /sed/4.0.9/sed-4.0.9-dep.zip
Nov 14 2004 /sed/4.1.2/sed-4.1.2-dep.zip
Apr 22 2005 /sed/4.1.4/sed-4.1.4-dep.zip
Jul 01 2007 /sed/4.1.5/sed-4.1.5-dep.zip
Mar 14 2008 /sed/4.2/sed-4.2-dep.zip
Mar 14 2008 /sed/4.2-1/sed-4.2-1-dep.zip
Mar 12 2004 /sharutils/4.2.1-3/sharutils-4.2.1-3-dep.zip
Oct 03 2003 /tar/1.13-1/tar-1.13-1-dep.zip
Oct 24 2007 /texinfo/4.13a/texinfo-4.13a-dep.zip
Mar 24 2005 /texinfo/4.8/texinfo-4.8-dep.zip
Dec 28 2003 /tiff/3.6.1/tiff-3.6.1-dep.zip
Jan 03 2004 /tiff/3.6.1-1/tiff-3.6.1-1-dep.zip
Jan 03 2004 /tiff/3.6.1-1-win32/tiff-win32-3.6.1-1-dep.zip
Feb 10 2004 /tiff/3.6.1-2/tiff-3.6.1-2-dep.zip
Feb 10 2004 /tiff/3.6.1-2-win32/tiff-win32-3.6.1-2-dep.zip
Jan 02 2004 /tiff/3.6.1-win32/tiff-win32-3.6.1-dep.zip
Feb 18 2005 /tiff/3.7.1/tiff-3.7.1-dep.zip
May 15 2005 /tiff/3.7.2/tiff-3.7.2-dep.zip
Jul 31 2005 /tiff/3.7.3/tiff-3.7.3-dep.zip
Nov 19 2005 /tiff/3.7.4/tiff-3.7.4-dep.zip
Dec 30 2005 /tiff/3.8.0/tiff-3.8.0-dep.zip
Mar 16 2006 /tiff/3.8.1/tiff-3.8.1-dep.zip
Mar 23 2006 /tiff/3.8.2/tiff-3.8.2-dep.zip
Mar 30 2006 /tiff/3.8.2-1/tiff-3.8.2-1-dep.zip
Mar 30 2006 /tre/0.7.2/tre-0.7.2-dep.zip
Mar 14 2008 /tre/0.7.5/tre-0.7.5-dep.zip
Jan 02 2004 /ttf2pt1/3.4.4/ttf2pt1-3.4.4-dep.zip
Mar 11 2005 /units/1.80/units-1.80-dep.zip
Mar 07 2005 /units/1.87/units-1.87-dep.zip
Dec 27 2003 /urt/3.1b1-2/urt-3.1.b.1-2-dep.zip
May 06 2005 /util-linux/2.14.1/util-linux-ng-2.14.1-dep.zip
Aug 20 2005 /wget/1.10.1/wget-1.10.1-dep.zip
Sep 03 2008 /wget/1.11.4/wget-1.11.4-dep.zip
Sep 03 2008 /wget/1.11.4-1/wget-1.11.4-1-dep.zip
Nov 07 2003 /wget/1.9-1/wget-1.9-1-dep.zip
Nov 21 2004 /wv/1.0.2/wv-1.0.2-dep.zip
Feb 14 2005 /xpm/3.5.1-1/xpm-3.5.1-1-dep.zip
Feb 14 2005 /xpm2wico/0.2.4.3/xpm2wico-0.2.4.3-dep.zip
Feb 24 2005 /zimg/4.22.0/zimg-4.22.0-dep.zip
Aug 26 2005 /zimg/4.24.0/zimg-4.24.0-dep.zip
Mar 31 2008 /zip/3.0/zip-3.0-dep.zip
