Apr 10 2001 /bm2font/2.0/bm2font-2.0-bin.zip
Apr 10 2001 /bm2font/2.0/bm2font-2.0-doc.zip
Apr 10 2001 /dvidjk/1.0/dvidjk-1.0-bin.zip
Apr 10 2001 /dvidjk/1.0/dvidjk-1.0-doc.zip
Apr 18 2001 /palm pilot/imgvtopgm-2.0-1/imgvtopgm-2.0-bin.zip
Apr 18 2001 /palm pilot/imgvtopgm-2.0-1/imgvtopgm-2.0-doc.zip
Aug 08 2001 /scribe2latex/1.0/scribe2latex-1.0-bin.zip
Aug 08 2001 /scribe2latex/1.0/scribe2latex-1.0-doc.zip
Aug 22 2001 /gawk/3.1.0-1/gawk-3.1.0-1-lib.zip
Dec 08 2001 /cppi/1.10/cppi-1.10-bin.zip
Dec 23 2001 /libxslt/1.0.9/libxslt-1.0.9-bin.zip
Dec 23 2001 /libxslt/1.0.9/libxslt-1.0.9-doc.zip
Dec 23 2001 /libxslt/1.0.9/libxslt-1.0.9-lib.zip
Jan 27 2002 /gcc-doc/3.0/gcc-3.0-doc.zip
Mar 05 2002 /libxml/1.8.17/libxml1-1.8.17-bin.zip
Mar 05 2002 /libxml/1.8.17/libxml1-1.8.17-doc.zip
Mar 16 2002 /termcap/1.3.1/termcap-1.3.1-bin.zip
Mar 16 2002 /termcap/1.3.1/termcap-1.3.1-doc.zip
Mar 16 2002 /termcap/1.3.1/termcap-1.3.1-lib.zip
Apr 30 2002 /crypt/2.2.5/crypt-2.2.5-bin.zip
Apr 30 2002 /crypt/2.2.5/crypt-2.2.5-doc.zip
Apr 30 2002 /crypt/2.2.5/crypt-2.2.5-lib.zip
Jun 23 2002 /libxml/2.4.12-1/libxml2-2.4.12-1-lib.zip
Jul 05 2002 /imgtops2/0.1/imgtops2-0.1-bin.zip
Jul 05 2002 /imgtops2/0.1/imgtops2-0.1-doc.zip
Jul 07 2002 /bmp2png/1.53/bmp2png-1.53-bin.zip
Mar 04 2003 /hex2bin/1.02/hex2bin-1.02-bin.zip
Mar 04 2003 /hex2bin/1.02/hex2bin-1.02-doc.zip
Mar 04 2003 /hextools/1.0/hextools-1.0-bin.zip
Mar 04 2003 /hextools/1.0/hextools-1.0-doc.zip
Jul 19 2003 /enscript/1.6.3-9/enscript-1.6.3-9-bin.zip
Jul 19 2003 /enscript/1.6.3-9/enscript-1.6.3-9-doc.zip
Sep 27 2003 /libutf8/0.8/libutf8-0.8-bin.zip
Sep 27 2003 /libutf8/0.8/libutf8-0.8-doc.zip
Sep 27 2003 /libutf8/0.8/libutf8-0.8-lib.zip
Oct 03 2003 /tar/1.13-1/tar-1.13-1-bin.zip
Oct 03 2003 /tar/1.13-1/tar-1.13-1-dep.zip
Oct 03 2003 /tar/1.13-1/tar-1.13-1-doc.zip
Oct 04 2003 /byacc/1.9-1/byacc-1.9-1-bin.zip
Oct 04 2003 /byacc/1.9-1/byacc-1.9-1-doc.zip
Oct 04 2003 /popt/1.8-1/popt-1.8-1-bin.zip
Oct 04 2003 /popt/1.8-1/popt-1.8-1-dep.zip
Oct 04 2003 /popt/1.8-1/popt-1.8-1-doc.zip
Oct 04 2003 /popt/1.8-1/popt-1.8-1-lib.zip
Oct 14 2003 /xpdf/2.03/xpdf-2.03-bin.zip
Oct 14 2003 /xpdf/2.03/xpdf-2.03-doc.zip
Oct 18 2003 /polyglotman (rman)/3.2/polyglotman-3.2-bin.zip
Oct 18 2003 /polyglotman (rman)/3.2/polyglotman-3.2-doc.zip
Oct 25 2003 /chess/5.07/chess-5.07-bin.zip
Oct 25 2003 /chess/5.07/chess-5.07-dep.zip
Oct 30 2003 /btyacc/3.0/btyacc-3.0-bin.zip
Oct 30 2003 /btyacc/3.0/btyacc-3.0-doc.zip
Dec 27 2003 /urt/3.1b1-2/urt-3.1.b.1-2-bin.zip
Dec 27 2003 /urt/3.1b1-2/urt-3.1.b.1-2-dep.zip
Dec 27 2003 /urt/3.1b1-2/urt-3.1.b.1-2-doc.zip
Dec 27 2003 /urt/3.1b1-2/urt-3.1.b.1-2-lib.zip
Jan 02 2004 /ttf2pt1/3.4.4/ttf2pt1-3.4.4-bin.zip
Jan 02 2004 /ttf2pt1/3.4.4/ttf2pt1-3.4.4-dep.zip
Jan 02 2004 /ttf2pt1/3.4.4/ttf2pt1-3.4.4-doc.zip
Jan 02 2004 /ttf2pt1/3.4.4/ttf2pt1-3.4.4-lib.zip
Jan 10 2004 /libgw32c/0.4/libgw32c-0.4-lib.zip
Jan 26 2004 /pngutils/1.2.5/pngutils-1.2.5-bin.zip
Jan 26 2004 /pngutils/1.2.5/pngutils-1.2.5-dep.zip
Jan 26 2004 /pngutils/1.2.5/pngutils-1.2.5-doc.zip
Mar 12 2004 /sharutils/4.2.1-3/sharutils-4.2.1-3-bin.zip
Mar 12 2004 /sharutils/4.2.1-3/sharutils-4.2.1-3-dep.zip
Mar 12 2004 /sharutils/4.2.1-3/sharutils-4.2.1-3-doc.zip
Mar 14 2004 /mscompress/0.3/mscompress-0.3-bin.zip
Mar 14 2004 /mscompress/0.3/mscompress-0.3-doc.zip
Mar 15 2004 /attr/2.4.14/attr-2.4.14-bin.zip
Mar 15 2004 /attr/2.4.14/attr-2.4.14-dep.zip
Mar 15 2004 /attr/2.4.14/attr-2.4.14-doc.zip
Mar 15 2004 /attr/2.4.14/attr-2.4.14-lib.zip
Mar 15 2004 /ntfsprogs/1.9.0/ntfsprogs-1.9.0-bin.zip
Mar 15 2004 /ntfsprogs/1.9.0/ntfsprogs-1.9.0-dep.zip
Mar 15 2004 /ntfsprogs/1.9.0/ntfsprogs-1.9.0-doc.zip
Mar 15 2004 /ntfsprogs/1.9.0/ntfsprogs-1.9.0-lib.zip
Mar 24 2004 /deroff/2.0/deroff-2.0-bin.zip
Mar 24 2004 /deroff/2.0/deroff-2.0-dep.zip
Mar 24 2004 /deroff/2.0/deroff-2.0-doc.zip
Mar 24 2004 /fdlibm/5.2-2/fdlibm-5.2-2-bin.zip
Mar 24 2004 /fdlibm/5.2-2/fdlibm-5.2-2-doc.zip
Mar 24 2004 /fdlibm/5.2-2/fdlibm-5.2-2-lib.zip
Apr 11 2004 /flex/2.5.4a-1/flex-2.5.4a-1-bin.zip
Apr 11 2004 /flex/2.5.4a-1/flex-2.5.4a-1-doc.zip
Apr 11 2004 /flex/2.5.4a-1/flex-2.5.4a-1-lib.zip
Apr 16 2004 /libxmi/1.2-1/libxmi-1.2-1-bin.zip
Apr 16 2004 /libxmi/1.2-1/libxmi-1.2-1-doc.zip
Apr 16 2004 /libxmi/1.2-1/libxmi-1.2-1-lib.zip
Apr 16 2004 /plotutils/2.4.1-4/plotutils-2.4.1-4-bin.zip
Apr 16 2004 /plotutils/2.4.1-4/plotutils-2.4.1-4-dep.zip
Apr 16 2004 /plotutils/2.4.1-4/plotutils-2.4.1-4-doc.zip
Apr 16 2004 /plotutils/2.4.1-4/plotutils-2.4.1-4-lib.zip
May 24 2004 /diffutils/2.8.7-1/diffutils-2.8.7-1-bin.zip
May 24 2004 /diffutils/2.8.7-1/diffutils-2.8.7-1-dep.zip
May 24 2004 /diffutils/2.8.7-1/diffutils-2.8.7-1-doc.zip
Jun 11 2004 /jbigkit/1.6/jbigkit-1.6-bin.zip
Jun 11 2004 /jbigkit/1.6/jbigkit-1.6-doc.zip
Jun 11 2004 /jbigkit/1.6/jbigkit-1.6-lib.zip
Oct 24 2004 /miscfiles/1.4.2/miscfiles-1.4.2-bin.zip
Nov 14 2004 /gawk/3.1.4/gawk-3.1.4-dep.zip
Nov 14 2004 /gperf/3.0.1/gperf-3.0.1-bin.zip
Nov 14 2004 /gperf/3.0.1/gperf-3.0.1-doc.zip
Nov 21 2004 /wv/1.0.2/wv-1.0.2-bin.zip
Nov 21 2004 /wv/1.0.2/wv-1.0.2-dep.zip
Nov 21 2004 /wv/1.0.2/wv-1.0.2-doc.zip
Nov 21 2004 /wv/1.0.2/wv-1.0.2-lib.zip
Nov 28 2004 /gcal/3.01-1/gcal-3.01-1-bin.zip
Nov 28 2004 /gcal/3.01-1/gcal-3.01-1-dep.zip
Nov 28 2004 /gcal/3.01-1/gcal-3.01-1-doc.zip
Nov 28 2004 /iristools/2.1.5-10/sgitools-2.1.5-10-bin.zip
Nov 28 2004 /iristools/2.1.5-10/sgitools-2.1.5-10-dep.zip
Nov 28 2004 /iristools/2.1.5-10/sgitools-2.1.5-10-doc.zip
Nov 28 2004 /iristools/2.1.5-10/sgitools-2.1.5-10-lib.zip
Dec 18 2004 /gdbm/1.8.3-1/gdbm-1.8.3-1-bin.zip
Dec 18 2004 /gdbm/1.8.3-1/gdbm-1.8.3-1-doc.zip
Dec 18 2004 /gdbm/1.8.3-1/gdbm-1.8.3-1-lib.zip
Dec 19 2004 /automake/1.9.4/automake-1.9.4-bin.zip
Dec 19 2004 /automake/1.9.4/automake-1.9.4-doc.zip
Jan 17 2005 /psmark/2.1/psmark-2.1-bin.zip
Jan 17 2005 /psmark/2.1/psmark-2.1-doc.zip
Jan 18 2005 /libwmf/0.2.8.3-1/libwmf-0.2.8.3-1-bin.zip
Jan 18 2005 /libwmf/0.2.8.3-1/libwmf-0.2.8.3-1-dep.zip
Jan 18 2005 /libwmf/0.2.8.3-1/libwmf-0.2.8.3-1-doc.zip
Jan 18 2005 /libwmf/0.2.8.3-1/libwmf-0.2.8.3-1-lib.zip
Jan 31 2005 /sgrep/1.94a/sgrep-1.94a-bin.zip
Jan 31 2005 /sgrep/1.94a/sgrep-1.94a-doc.zip
Feb 12 2005 /unrtf/0.19.3/unrtf-0.19.3-bin.zip
Feb 12 2005 /unrtf/0.19.3/unrtf-0.19.3-doc.zip
Feb 14 2005 /unzip/5.51-1/unzip-5.51-1-bin.zip
Feb 14 2005 /unzip/5.51-1/unzip-5.51-1-doc.zip
Feb 14 2005 /unzip/5.51-1/unzip-5.51-1-lib.zip
Feb 14 2005 /xpm/3.5.1-1/xpm-3.5.1-1-bin.zip
Feb 14 2005 /xpm/3.5.1-1/xpm-3.5.1-1-dep.zip
Feb 14 2005 /xpm/3.5.1-1/xpm-3.5.1-1-doc.zip
Feb 14 2005 /xpm/3.5.1-1/xpm-3.5.1-1-lib.zip
Feb 14 2005 /xpm2wico/0.2.4.3/xpm2wico-0.2.4.3-bin.zip
Feb 14 2005 /xpm2wico/0.2.4.3/xpm2wico-0.2.4.3-dep.zip
Feb 14 2005 /xpm2wico/0.2.4.3/xpm2wico-0.2.4.3-doc.zip
Feb 20 2005 /unrar/3.4.3/unrar-3.4.3-bin.zip
Feb 20 2005 /unrar/3.4.3/unrar-3.4.3-doc.zip
Feb 20 2005 /unrar/3.4.3/unrar-3.4.3-lib.zip
Mar 11 2005 /bc/1.06-2/bc-1.06-2-bin.zip
Mar 11 2005 /bc/1.06-2/bc-1.06-2-dep.zip
Mar 11 2005 /bc/1.06-2/bc-1.06-2-doc.zip
Mar 11 2005 /calc/2.11.10.1/calc-2.11.10.1-bin.zip
Mar 11 2005 /calc/2.11.10.1/calc-2.11.10.1-dep.zip
Mar 11 2005 /calc/2.11.10.1/calc-2.11.10.1-doc.zip
Mar 11 2005 /units/1.80/units-1.80-dep.zip
Mar 12 2005 /calc/2.11.10.1/calc-2.11.10.1-lib.zip
Mar 13 2005 /nenscript/1.13.3/nenscript-1.13.3-bin.zip
Mar 13 2005 /nenscript/1.13.3/nenscript-1.13.3-doc.zip
Mar 13 2005 /pdcurses/2.6/pdcurses-2.6-bin.zip
Mar 13 2005 /pdcurses/2.6/pdcurses-2.6-doc.zip
Mar 13 2005 /pdcurses/2.6/pdcurses-2.6-lib.zip
Mar 15 2005 /re2c/0.9.4/re2c-0.9.4-bin.zip
Mar 15 2005 /re2c/0.9.4/re2c-0.9.4-doc.zip
Apr 11 2005 /arc/5.21j-1/arc-5.21j-1-bin.zip
Apr 11 2005 /arc/5.21j-1/arc-5.21j-1-doc.zip
Apr 18 2005 /findutils/4.2.20-2/findutils-4.2.20-2-bin.zip
Apr 18 2005 /findutils/4.2.20-2/findutils-4.2.20-2-dep.zip
Apr 18 2005 /findutils/4.2.20-2/findutils-4.2.20-2-doc.zip
Apr 21 2005 /coreutils/5.3.0/coreutils-5.3.0-bin.zip
Apr 21 2005 /coreutils/5.3.0/coreutils-5.3.0-dep.zip
Apr 21 2005 /coreutils/5.3.0/coreutils-5.3.0-doc.zip
Apr 24 2005 /cproto/4.7c/cproto-4.7c-bin.zip
Apr 24 2005 /cproto/4.7c/cproto-4.7c-doc.zip
Apr 24 2005 /help2man/1.35.1/help2man-1.35.1-bin.zip
Apr 24 2005 /help2man/1.35.1/help2man-1.35.1-doc.zip
May 06 2005 /util-linux/2.14.1/util-linux-ng-2.14.1-dep.zip
May 07 2005 /gettext/0.14.4/gettext-0.14.4-bin.zip
May 07 2005 /gettext/0.14.4/gettext-0.14.4-dep.zip
May 07 2005 /gettext/0.14.4/gettext-0.14.4-doc.zip
May 07 2005 /gettext/0.14.4/gettext-0.14.4-lib.zip
May 07 2005 /libintl/0.14.4/libintl-0.14.4-bin.zip
May 07 2005 /libintl/0.14.4/libintl-0.14.4-dep.zip
May 07 2005 /libintl/0.14.4/libintl-0.14.4-doc.zip
May 07 2005 /libintl/0.14.4/libintl-0.14.4-lib.zip
May 12 2005 /netpbm/10.27/netpbm-10.27-bin.zip
May 12 2005 /netpbm/10.27/netpbm-10.27-dep.zip
May 12 2005 /netpbm/10.27/netpbm-10.27-doc.zip
May 12 2005 /netpbm/10.27/netpbm-10.27-lib.zip
May 14 2005 /hp2xx/3.4.4-2/hp2xx-3.4.4-2-bin.zip
May 14 2005 /hp2xx/3.4.4-2/hp2xx-3.4.4-2-dep.zip
May 14 2005 /hp2xx/3.4.4-2/hp2xx-3.4.4-2-doc.zip
May 15 2005 /jpeg/6b-4/jpeg-6b-4-bin.zip
May 15 2005 /jpeg/6b-4/jpeg-6b-4-dep.zip
May 15 2005 /jpeg/6b-4/jpeg-6b-4-doc.zip
May 15 2005 /jpeg/6b-4/jpeg-6b-4-lib.zip
Jul 25 2005 /zlib/1.2.3/zlib-1.2.3-bin.zip
Jul 25 2005 /zlib/1.2.3/zlib-1.2.3-doc.zip
Jul 25 2005 /zlib/1.2.3/zlib-1.2.3-lib.zip
Jul 31 2005 /cpuid/3.3-1/cpuid-3.3-1-bin.zip
Jul 31 2005 /cpuid/3.3-1/cpuid-3.3-1-doc.zip
Jul 31 2005 /hodie/1.4/hodie-1.4-bin.zip
Jul 31 2005 /hodie/1.4/hodie-1.4-doc.zip
Aug 13 2005 /pdflib-lite/6.0.2/pdflib-lite-6.0.2-bin.zip
Aug 13 2005 /pdflib-lite/6.0.2/pdflib-lite-6.0.2-doc.zip
Aug 13 2005 /pdflib-lite/6.0.2/pdflib-lite-6.0.2-lib.zip
Aug 13 2005 /t1lib/5.1.0/t1lib-5.1.0-bin.zip
Aug 13 2005 /t1lib/5.1.0/t1lib-5.1.0-doc.zip
Aug 13 2005 /t1lib/5.1.0/t1lib-5.1.0-lib.zip
Aug 20 2005 /libconfig/0.1.16/libconfig-0.1.16-bin.zip
Aug 20 2005 /libconfig/0.1.16/libconfig-0.1.16-dep.zip
Aug 20 2005 /libconfig/0.1.16/libconfig-0.1.16-doc.zip
Aug 20 2005 /libconfig/0.1.16/libconfig-0.1.16-lib.zip
Aug 20 2005 /libopennet/0.9.1/libopennet-0.9.1-bin.zip
Aug 20 2005 /libopennet/0.9.1/libopennet-0.9.1-doc.zip
Aug 20 2005 /libopennet/0.9.1/libopennet-0.9.1-lib.zip
Aug 21 2005 /cygutils/1.2.9/cygutils-1.2.9-dep.zip
Aug 26 2005 /gd/2.0.33-1/gd-2.0.33-1-bin.zip
Aug 26 2005 /gd/2.0.33-1/gd-2.0.33-1-dep.zip
Aug 26 2005 /gd/2.0.33-1/gd-2.0.33-1-doc.zip
Aug 26 2005 /gd/2.0.33-1/gd-2.0.33-1-lib.zip
Aug 26 2005 /zimg/4.24.0/zimg-4.24.0-bin.zip
Aug 26 2005 /zimg/4.24.0/zimg-4.24.0-dep.zip
Aug 26 2005 /zimg/4.24.0/zimg-4.24.0-doc.zip
Aug 26 2005 /zimg/4.24.0/zimg-4.24.0-lib.zip
Sep 09 2005 /jwhois/3.2.3/jwhois-3.2.3-bin.zip
Sep 09 2005 /jwhois/3.2.3/jwhois-3.2.3-dep.zip
Sep 09 2005 /jwhois/3.2.3/jwhois-3.2.3-doc.zip
Sep 10 2005 /filetype/0.1.3/filetype-0.1.3-bin.zip
Sep 10 2005 /filetype/0.1.3/filetype-0.1.3-doc.zip
Nov 19 2005 /arj/3.10.22/arj-3.10.22-bin.zip
Nov 19 2005 /arj/3.10.22/arj-3.10.22-doc.zip
Nov 19 2005 /asciichart/0.9/ascii_chart-0.9-bin.zip
Nov 19 2005 /asciichart/0.9/ascii_chart-0.9-dep.zip
Nov 19 2005 /asciichart/0.9/ascii_chart-0.9-doc.zip
Nov 19 2005 /awka/0.7.5-1/awka-0.7.5-1-bin.zip
Nov 19 2005 /awka/0.7.5-1/awka-0.7.5-1-doc.zip
Nov 19 2005 /awka/0.7.5-1/awka-0.7.5-1-lib.zip
Nov 19 2005 /chsuf/0.9/chsuf-0.9-bin.zip
Nov 19 2005 /chsuf/0.9/chsuf-0.9-doc.zip
Nov 19 2005 /compface/1.5.2/compface-1.5.2-bin.zip
Nov 19 2005 /compface/1.5.2/compface-1.5.2-doc.zip
Nov 19 2005 /compface/1.5.2/compface-1.5.2-lib.zip
Nov 19 2005 /doschk/1.1-1/doschk-1.1-1-bin.zip
Nov 19 2005 /doschk/1.1-1/doschk-1.1-1-doc.zip
Nov 19 2005 /jpeg2ps/1.9-1/jpeg2ps-1.9-1-bin.zip
Nov 19 2005 /jpeg2ps/1.9-1/jpeg2ps-1.9-1-doc.zip
Nov 19 2005 /lha/1.14i-1/lha-1.14i-1-bin.zip
Nov 19 2005 /lha/1.14i-1/lha-1.14i-1-doc.zip
Nov 19 2005 /libart_lgpl/2.3.17/libart_lgpl-2.3.17-bin.zip
Nov 19 2005 /libart_lgpl/2.3.17/libart_lgpl-2.3.17-doc.zip
Nov 19 2005 /libart_lgpl/2.3.17/libart_lgpl-2.3.17-lib.zip
Nov 19 2005 /mawk/1.3.3-1/mawk-1.3.3-1-bin.zip
Nov 19 2005 /mawk/1.3.3-1/mawk-1.3.3-1-doc.zip
Nov 19 2005 /pbmadd/1.1-3/pbmadd-1.1-3-bin.zip
Nov 19 2005 /pbmadd/1.1-3/pbmadd-1.1-3-doc.zip
Nov 19 2005 /pcre/6.4/pcre-6.4-dep.zip
Nov 19 2005 /piechart/0.13/piechart-0.13-bin.zip
Nov 19 2005 /piechart/0.13/piechart-0.13-dep.zip
Nov 19 2005 /piechart/0.13/piechart-0.13-doc.zip
Nov 19 2005 /psutils/1.17-2/psutils-1.17-2-bin.zip
Nov 19 2005 /psutils/1.17-2/psutils-1.17-2-dep.zip
Nov 19 2005 /psutils/1.17-2/psutils-1.17-2-doc.zip
Nov 19 2005 /rx/1.5-1/rx-1.5-1-bin.zip
Nov 19 2005 /rx/1.5-1/rx-1.5-1-doc.zip
Nov 19 2005 /rx/1.5-1/rx-1.5-1-lib.zip
Nov 19 2005 /src-highlite/2.1.2/src-highlite-2.1.2-bin.zip
Nov 19 2005 /src-highlite/2.1.2/src-highlite-2.1.2-doc.zip
Jan 03 2006 /less/394/less-394-bin.zip
Jan 03 2006 /less/394/less-394-dep.zip
Jan 03 2006 /less/394/less-394-doc.zip
Jan 08 2006 /edll-bfd/0.6/edll-bfd-0.6-bin.zip
Jan 08 2006 /edll-bfd/0.6/edll-bfd-0.6-doc.zip
Jan 08 2006 /edll-bfd/0.6/edll-bfd-0.6-lib.zip
Jan 08 2006 /edll/0.6/edll-0.6-bin.zip
Jan 08 2006 /edll/0.6/edll-0.6-doc.zip
Jan 08 2006 /edll/0.6/edll-0.6-lib.zip
Jan 29 2006 /gri/2.12.10/gri-2.12.10-bin.zip
Jan 29 2006 /gri/2.12.10/gri-2.12.10-dep.zip
Jan 29 2006 /gri/2.12.10/gri-2.12.10-doc.zip
Jan 29 2006 /libiconv/1.9.2-1/libiconv-1.9.2-1-bin.zip
Jan 29 2006 /libiconv/1.9.2-1/libiconv-1.9.2-1-dep.zip
Jan 29 2006 /libiconv/1.9.2-1/libiconv-1.9.2-1-doc.zip
Jan 29 2006 /libiconv/1.9.2-1/libiconv-1.9.2-1-lib.zip
Mar 09 2006 /cpio/2.6-2/cpio-2.6-2-bin.zip
Mar 09 2006 /cpio/2.6-2/cpio-2.6-2-dep.zip
Mar 09 2006 /cpio/2.6-2/cpio-2.6-2-doc.zip
Mar 09 2006 /id-utils/4.0-2/id-utils-4.0-2-bin.zip
Mar 09 2006 /id-utils/4.0-2/id-utils-4.0-2-dep.zip
Mar 09 2006 /id-utils/4.0-2/id-utils-4.0-2-doc.zip
Mar 29 2006 /fax2png/1.0-1/fax2png-1.0-1-bin.zip
Mar 29 2006 /fax2png/1.0-1/fax2png-1.0-1-dep.zip
Mar 29 2006 /fax2png/1.0-1/fax2png-1.0-1-doc.zip
Mar 30 2006 /tiff/3.8.2-1/tiff-3.8.2-1-bin.zip
Mar 30 2006 /tiff/3.8.2-1/tiff-3.8.2-1-dep.zip
Mar 30 2006 /tiff/3.8.2-1/tiff-3.8.2-1-doc.zip
Mar 30 2006 /tiff/3.8.2-1/tiff-3.8.2-1-lib.zip
Jul 11 2006 /gsl/1.8/gsl-1.8-bin.zip
Jul 11 2006 /gsl/1.8/gsl-1.8-doc.zip
Jul 11 2006 /gsl/1.8/gsl-1.8-lib.zip
Nov 25 2006 /make/3.81/make-3.81-bin.zip
Nov 25 2006 /make/3.81/make-3.81-dep.zip
Nov 25 2006 /make/3.81/make-3.81-doc.zip
Dec 19 2006 /regex-Spencer/3.8.g.3-1/rxspencer-3.8.g.3-1-bin.zip
Dec 19 2006 /regex-Spencer/3.8.g.3-1/rxspencer-3.8.g.3-1-doc.zip
Dec 19 2006 /regex-Spencer/3.8.g.3-1/rxspencer-3.8.g.3-1-lib.zip
Feb 21 2007 /giflib/4.1.4-1/giflib-4.1.4-1-bin.zip
Feb 21 2007 /giflib/4.1.4-1/giflib-4.1.4-1-dep.zip
Feb 21 2007 /giflib/4.1.4-1/giflib-4.1.4-1-doc.zip
Feb 21 2007 /giflib/4.1.4-1/giflib-4.1.4-1-lib.zip
Mar 01 2007 /libungif/4.1.4-1/libungif-4.1.4-1-bin.zip
Mar 01 2007 /libungif/4.1.4-1/libungif-4.1.4-1-dep.zip
Mar 01 2007 /libungif/4.1.4-1/libungif-4.1.4-1-doc.zip
Mar 01 2007 /libungif/4.1.4-1/libungif-4.1.4-1-lib.zip
Apr 03 2007 /pcre/7.0/pcre-7.0-bin.zip
Apr 03 2007 /pcre/7.0/pcre-7.0-doc.zip
Apr 03 2007 /pcre/7.0/pcre-7.0-lib.zip
May 09 2007 /barcode/0.98-2/barcode-0.98-2-bin.zip
May 09 2007 /barcode/0.98-2/barcode-0.98-2-dep.zip
May 09 2007 /barcode/0.98-2/barcode-0.98-2-doc.zip
May 09 2007 /barcode/0.98-2/barcode-0.98-2-lib.zip
May 09 2007 /libpaper/1.1.21/libpaper-1.1.21-bin.zip
May 09 2007 /libpaper/1.1.21/libpaper-1.1.21-doc.zip
May 09 2007 /libpaper/1.1.21/libpaper-1.1.21-lib.zip
May 15 2007 /patch/2.5.9-7/patch-2.5.9-7-bin.zip
May 15 2007 /patch/2.5.9-7/patch-2.5.9-7-doc.zip
Jul 07 2007 /gengetopt/2.20/gengetopt-2.20-bin.zip
Jul 07 2007 /gengetopt/2.20/gengetopt-2.20-doc.zip
Jul 07 2007 /gengetopt/2.20/gengetopt-2.20-lib.zip
Sep 13 2007 /diction/1.11/diction-1.11-bin.zip
Sep 13 2007 /diction/1.11/diction-1.11-dep.zip
Sep 13 2007 /diction/1.11/diction-1.11-doc.zip
Oct 15 2007 /gzip/1.3.12-1/gzip-1.3.12-1-bin.zip
Oct 15 2007 /gzip/1.3.12-1/gzip-1.3.12-1-doc.zip
Oct 24 2007 /m4/1.4.12/m4-1.4.12-dep.zip
Oct 24 2007 /texinfo/4.13a/texinfo-4.13a-dep.zip
Nov 03 2007 /regex/2.7/regex-2.7-bin.zip
Nov 03 2007 /regex/2.7/regex-2.7-doc.zip
Nov 03 2007 /regex/2.7/regex-2.7-lib.zip
Jan 02 2008 /libpng/1.2.24/libpng-1.2.24-dep.zip
Jan 02 2008 /readline/5.0-1/readline-5.0-1-bin.zip
Jan 02 2008 /readline/5.0-1/readline-5.0-1-doc.zip
Jan 02 2008 /readline/5.0-1/readline-5.0-1-lib.zip
Jan 05 2008 /minised/1.12/minised-1.12-bin.zip
Jan 05 2008 /minised/1.12/minised-1.12-doc.zip
Feb 04 2008 /file/4.23/file-4.23-dep.zip
Feb 04 2008 /gsar/1.21/gsar-1.21-bin.zip
Feb 04 2008 /gsar/1.21/gsar-1.21-doc.zip
Feb 04 2008 /libarchive/2.4.12/libarchive-2.4.12-doc.zip
Feb 09 2008 /nawk/2007.10.23/nawk-2007.10.23-bin.zip
Feb 09 2008 /nawk/2007.10.23/nawk-2007.10.23-doc.zip
Feb 10 2008 /gawk/3.1.6-1/gawk-3.1.6-1-bin.zip
Feb 10 2008 /gawk/3.1.6-1/gawk-3.1.6-1-doc.zip
Feb 10 2008 /glpk/4.34/glpk-4.34-dep.zip
Feb 10 2008 /hello/2.3/hello-2.3-dep.zip
Feb 10 2008 /libtool/1.5.28/libtool-1.5.26-bin.zip
Feb 10 2008 /libtool/1.5.28/libtool-1.5.26-doc.zip
Feb 10 2008 /libtool/1.5.28/libtool-1.5.26-lib.zip
Mar 14 2008 /a2ps/4.14-1/a2ps-4.14-1-bin.zip
Mar 14 2008 /a2ps/4.14-1/a2ps-4.14-1-dep.zip
Mar 14 2008 /a2ps/4.14-1/a2ps-4.14-1-doc.zip
Mar 14 2008 /a2ps/4.14-1/a2ps-4.14-1-lib.zip
Mar 14 2008 /bison/2.4.1/bison-2.4.1-dep.zip
Mar 14 2008 /freetype/2.3.5-1/freetype-2.3.5-1-bin.zip
Mar 14 2008 /freetype/2.3.5-1/freetype-2.3.5-1-dep.zip
Mar 14 2008 /freetype/2.3.5-1/freetype-2.3.5-1-doc.zip
Mar 14 2008 /freetype/2.3.5-1/freetype-2.3.5-1-lib.zip
Mar 14 2008 /grep/2.5.3/grep-2.5.3-dep.zip
Mar 14 2008 /groff/1.20.1/groff-1.20.1-dep.zip
Mar 14 2008 /indent/2.2.10/indent-2.2.10-dep.zip
Mar 14 2008 /sed/4.2/sed-4.2-dep.zip
Mar 14 2008 /tre/0.7.5/tre-0.7.5-dep.zip
Mar 15 2008 /ed/0.9/ed-0.9-dep.zip
Mar 20 2008 /bzip2/1.0.5/bzip2-1.0.5-bin.zip
Mar 20 2008 /bzip2/1.0.5/bzip2-1.0.5-doc.zip
Mar 20 2008 /bzip2/1.0.5/bzip2-1.0.5-lib.zip
Mar 24 2008 /t1utils/1.34/t1utils-1.34-bin.zip
Mar 24 2008 /t1utils/1.34/t1utils-1.34-doc.zip
Mar 31 2008 /libarchive/2.4.12-1/libarchive-2.4.12-1-dep.zip
Mar 31 2008 /zip/3.0/zip-3.0-dep.zip
Jun 13 2008 /crafty/22.1/crafty-22.1-bin.zip
Jun 13 2008 /crafty/22.1/crafty-22.1-doc.zip
Jun 13 2008 /x86info/1.21/x86info-1.21-bin.zip
Jun 13 2008 /x86info/1.21/x86info-1.21-doc.zip
Jun 17 2008 /rpl/1.4.1/rpl-1.4.1-doc.zip
Jun 27 2008 /libarchive/2.4.12-1/libarchive-2.4.12-1-bin.zip
Jun 27 2008 /libarchive/2.4.12-1/libarchive-2.4.12-1-lib.zip
Jul 13 2008 /zip/3.0/zip-3.0-bin.zip
Jul 13 2008 /zip/3.0/zip-3.0-doc.zip
Jul 13 2008 /zip/3.0/zip-3.0-lib.zip
Jul 19 2008 /rpl/1.4.1-1/rpl-1.4.1-1-bin.zip
Aug 09 2008 /sunrpc/4.0/sunrpc-4.0-bin.zip
Aug 09 2008 /sunrpc/4.0/sunrpc-4.0-doc.zip
Aug 10 2008 /which/2.20/which-2.20-bin.zip
Aug 10 2008 /which/2.20/which-2.20-doc.zip
Aug 22 2008 /openssl/0.9.8h/openssl-0.9.8h-doc.zip
Sep 03 2008 /openssl/0.9.8h-1/openssl-0.9.8h-1-lib.zip
Sep 03 2008 /wget/1.11.4/wget-1.11.4-dep.zip
Sep 13 2008 /autoconf/2.63/autoconf-2.63-bin.zip
Sep 13 2008 /autoconf/2.63/autoconf-2.63-doc.zip
Sep 23 2008 /troff/7-3/troff-7-3-bin.zip
Sep 23 2008 /troff/7-3/troff-7-3-doc.zip
Sep 26 2008 /cygutils/1.3.2/cygutils-1.3.2-bin.zip
Sep 26 2008 /cygutils/1.3.2/cygutils-1.3.2-doc.zip
Sep 26 2008 /cygutils/1.3.2/cygutils-1.3.2-lib.zip
Sep 27 2008 /util-linux/2.14.1/util-linux-ng-2.14.1-doc.zip
Sep 28 2008 /units/1.87/units-1.87-bin.zip
Sep 28 2008 /units/1.87/units-1.87-doc.zip
Sep 28 2008 /util-linux/2.14.1/util-linux-ng-2.14.1-bin.zip
Oct 02 2008 /texinfo/4.13a/texinfo-4.13a-bin.zip
Oct 02 2008 /texinfo/4.13a/texinfo-4.13a-doc.zip
Oct 02 2008 /texinfo/4.13a/texinfo-4.13a-lib.zip
Oct 12 2008 /m4/1.4.12/m4-1.4.12-lib.zip
Oct 28 2008 /grap/1.43/grap-1.43-bin.zip
Oct 28 2008 /grap/1.43/grap-1.43-doc.zip
Nov 25 2008 /dmidecode/2.10/dmidecode-2.10-doc.zip
Dec 03 2008 /dmidecode/2.10/dmidecode-2.10-bin.zip
Dec 04 2008 /glpk/4.34/glpk-4.34-bin.zip
Dec 04 2008 /glpk/4.34/glpk-4.34-doc.zip
Dec 04 2008 /glpk/4.34/glpk-4.34-lib.zip
Dec 04 2008 /openssl/0.9.8h-1/openssl-0.9.8h-1-bin.zip
Dec 10 2008 /hello/2.4/hello-2.4-bin.zip
Dec 10 2008 /hello/2.4/hello-2.4-doc.zip
Dec 20 2008 /tre/0.7.5/tre-0.7.5-bin.zip
Dec 20 2008 /tre/0.7.5/tre-0.7.5-doc.zip
Dec 20 2008 /tre/0.7.5/tre-0.7.5-lib.zip
Dec 31 2008 /wget/1.11.4-1/wget-1.11.4-1-bin.zip
Dec 31 2008 /wget/1.11.4-1/wget-1.11.4-1-doc.zip
Jan 10 2009 /groff/1.20.1/groff-1.20.1-bin.zip
Jan 10 2009 /groff/1.20.1/groff-1.20.1-doc.zip
Jan 10 2009 /groff/1.20.1/groff-1.20.1-lib.zip
Jan 11 2009 /mktemp/1.6/mktemp-1.6-bin.zip
Jan 11 2009 /mktemp/1.6/mktemp-1.6-doc.zip
Feb 01 2009 /ed/1.2/ed-1.2-bin.zip
Feb 01 2009 /ed/1.2/ed-1.2-doc.zip
Feb 01 2009 /fatattr/1.0/fatattr-1.0-bin.zip
Feb 01 2009 /fatattr/1.0/fatattr-1.0-doc.zip
Feb 09 2009 /tree/1.5.2.2/tree-1.5.2.2-bin.zip
Feb 09 2009 /tree/1.5.2.2/tree-1.5.2.2-doc.zip
Feb 13 2009 /grep/2.5.4/grep-2.5.4-bin.zip
Feb 13 2009 /grep/2.5.4/grep-2.5.4-doc.zip
Feb 15 2009 /indent/2.2.10/indent-2.2.10-bin.zip
Feb 15 2009 /indent/2.2.10/indent-2.2.10-doc.zip
May 04 2009 /bison/2.4.1/bison-2.4.1-bin.zip
May 04 2009 /bison/2.4.1/bison-2.4.1-doc.zip
May 04 2009 /bison/2.4.1/bison-2.4.1-lib.zip
May 04 2009 /m4/1.4.13/m4-1.4.13-bin.zip
May 04 2009 /m4/1.4.13/m4-1.4.13-doc.zip
May 04 2009 /sed/4.2/sed-4.2-doc.zip
May 07 2009 /file/5.03/file-5.03-bin.zip
May 07 2009 /file/5.03/file-5.03-doc.zip
May 07 2009 /file/5.03/file-5.03-lib.zip
Jun 04 2009 /libpng/1.2.37/libpng-1.2.37-bin.zip
Jun 04 2009 /libpng/1.2.37/libpng-1.2.37-doc.zip
Jun 04 2009 /libpng/1.2.37/libpng-1.2.37-lib.zip
Jun 07 2009 /sed/4.2-1/sed-4.2-1-bin.zip
