Jul 01 2001 /a2ps/4.13b/a2ps-4.13b-lib.zip
Mar 15 2005 /a2ps/4.13b-1/a2ps-4.13b-1-lib.zip
Dec 28 2007 /a2ps/4.13b-3/a2ps-4.13b-3-lib.zip
Jan 01 2008 /a2ps/4.14/a2ps-4.14-lib.zip
Mar 14 2008 /a2ps/4.14-1/a2ps-4.14-1-lib.zip
Mar 15 2004 /attr/2.4.14/attr-2.4.14-lib.zip
Oct 17 2003 /awka/0.7.5/awka-0.7.5-lib.zip
Nov 19 2005 /awka/0.7.5-1/awka-0.7.5-1-lib.zip
Mar 30 2001 /barcode/0.96/barcode-0.96-lib.zip
Oct 24 2001 /barcode/0.97/barcode-0.97-lib.zip
Mar 05 2002 /barcode/0.98/barcode-0.98-lib.zip
Feb 01 2005 /barcode/0.98-1/barcode-0.98-1-lib.zip
May 09 2007 /barcode/0.98-2/barcode-0.98-2-lib.zip
Jul 06 2001 /bison/1.28/bison-1.28-lib.zip
Oct 30 2001 /bison/1.30/bison-1.30-lib.zip
Apr 11 2004 /bison/1.875/bison-1.875-lib.zip
Apr 12 2004 /bison/1.875-1/bison-1.875-1-lib.zip
Jul 10 2004 /bison/1.875-3/bison-1.875-3-lib.zip
Oct 09 2004 /bison/1.875-4/bison-1.875-4-lib.zip
Nov 19 2005 /bison/2.1/bison-2.1-lib.zip
May 04 2009 /bison/2.4.1/bison-2.4.1-lib.zip
Apr 10 2001 /bzip2/1.0.1/bzip2-1.0.1-lib.zip
Sep 08 2001 /bzip2/1.0.1-1/bzip2-1.0.1-1-lib.zip
Feb 02 2002 /bzip2/1.0.2/bzip2-1.0.2-lib.zip
Mar 08 2004 /bzip2/1.0.2-1/bzip2-1.0.2-1-lib.zip
Mar 11 2004 /bzip2/1.0.2-2/bzip2-1.0.2-2-lib.zip
Jun 08 2004 /bzip2/1.0.2-3/bzip2-1.0.2-3-lib.zip
Apr 14 2005 /bzip2/1.0.3/bzip2-1.0.3-lib.zip
Jul 25 2005 /bzip2/1.0.3-1/bzip2-1.0.3-1-lib.zip
May 15 2007 /bzip2/1.0.4/bzip2-1.0.4-lib.zip
Mar 20 2008 /bzip2/1.0.5/bzip2-1.0.5-lib.zip
Mar 12 2005 /calc/2.11.10.1/calc-2.11.10.1-lib.zip
Aug 14 2002 /compface/1.4-1/compface-1.4-1-lib.zip
Nov 19 2005 /compface/1.5.2/compface-1.5.2-lib.zip
Apr 30 2002 /crypt/2.2.5/crypt-2.2.5-lib.zip
Sep 26 2008 /cygutils/1.3.2/cygutils-1.3.2-lib.zip
Jan 08 2006 /edll/0.6/edll-0.6-lib.zip
Jan 08 2006 /edll-bfd/0.6/edll-bfd-0.6-lib.zip
Mar 24 2004 /fdlibm/5.2-2/fdlibm-5.2-2-lib.zip
Mar 30 2003 /file/4.01/file-4.01-lib.zip
Sep 26 2003 /file/4.03/file-4.03-lib.zip
Sep 28 2003 /file/4.03-1/file-4.03-1-lib.zip
Sep 30 2003 /file/4.04/file-4.04-lib.zip
Oct 15 2003 /file/4.06/file-4.06-lib.zip
Mar 04 2004 /file/4.07/file-4.07-lib.zip
Mar 24 2004 /file/4.08/file-4.08-lib.zip
May 19 2004 /file/4.09/file-4.09-lib.zip
Nov 23 2004 /file/4.11/file-4.11-lib.zip
Nov 28 2004 /file/4.12/file-4.12-lib.zip
Feb 10 2005 /file/4.13/file-4.13-lib.zip
Jul 31 2005 /file/4.14/file-4.14-lib.zip
Aug 20 2005 /file/4.15/file-4.15-lib.zip
Nov 19 2005 /file/4.16/file-4.16-lib.zip
Jan 29 2006 /file/4.16-1/file-4.16-1-lib.zip
Nov 03 2006 /file/4.18/file-4.18-lib.zip
Apr 03 2007 /file/4.20/file-4.20-lib.zip
May 26 2007 /file/4.21/file-4.21-lib.zip
Feb 04 2008 /file/4.23/file-4.23-lib.zip
Jun 14 2008 /file/4.24/file-4.24-lib.zip
Jul 06 2008 /file/4.25-1/file-4.25-1-lib.zip
Sep 03 2008 /file/4.26/file-4.26-lib.zip
Feb 08 2009 /file/5.00/file-5.00-lib.zip
May 07 2009 /file/5.03/file-5.03-lib.zip
Apr 11 2004 /flex/2.5.4a-1/flex-2.5.4a-1-lib.zip
Apr 17 2001 /freetype/1.3.1/libttf-1.3.1-lib.zip
Apr 17 2001 /freetype/1.4/libttf-1.4-lib.zip
Mar 31 2001 /freetype/2.0.1/freetype-2.0.1-lib.zip
Apr 16 2001 /freetype/2.0.2/freetype-2.0.2-lib.zip
May 29 2001 /freetype/2.0.3/freetype-2.0.3-lib.zip
Jun 28 2001 /freetype/2.0.4/freetype-2.0.4-lib.zip
Nov 10 2001 /freetype/2.0.5/freetype-2.0.5-lib.zip
Mar 05 2002 /freetype/2.0.8/freetype-2.0.8-lib.zip
Mar 10 2002 /freetype/2.0.9/freetype-2.0.9-lib.zip
Apr 28 2002 /freetype/2.1.0/freetype-2.1.0-lib.zip
Jun 13 2002 /freetype/2.1.1/freetype-2.1.1-lib.zip
Sep 10 2005 /freetype/2.1.10/freetype-2.1.10-lib.zip
Jun 23 2002 /freetype/2.1.2/freetype-2.1.2-lib.zip
Aug 14 2002 /freetype/2.1.2-1/freetype-2.1.2-1-lib.zip
Apr 18 2003 /freetype/2.1.4/freetype-2.1.4-lib.zip
Dec 27 2003 /freetype/2.1.5/freetype-2.1.5-lib.zip
Feb 14 2004 /freetype/2.1.7/freetype-2.1.7-lib.zip
Feb 15 2004 /freetype/2.1.7-1/freetype-2.1.7-1-lib.zip
May 09 2004 /freetype/2.1.8/freetype-2.1.8-lib.zip
Jun 27 2007 /freetype/2.3.4/freetype-2.3.4-lib.zip
Jul 04 2007 /freetype/2.3.5/freetype-2.3.5-lib.zip
Mar 14 2008 /freetype/2.3.5-1/freetype-2.3.5-1-lib.zip
Jun 17 2001 /gawk/3.1.0/gawk-3.1.0-lib.zip
Aug 22 2001 /gawk/3.1.0-1/gawk-3.1.0-1-lib.zip
Jul 19 2001 /gd/1.8.4-1/gdlib-1.8.4-lib.zip
Feb 23 2005 /gd/2.0.33/gd-2.0.33-lib.zip
Aug 26 2005 /gd/2.0.33-1/gd-2.0.33-1-lib.zip
Dec 18 2004 /gdbm/1.8.3-1/gdbm-1.8.3-1-lib.zip
Oct 09 2003 /gengetopt/2.11/gengetopt-2.11-lib.zip
Apr 16 2005 /gengetopt/2.13.1/gengetopt-2.13.1-lib.zip
Jul 07 2007 /gengetopt/2.20/gengetopt-2.20-lib.zip
Feb 22 2003 /gengetopt/2.8.1/gengetopt-2.8.1-lib.zip
Dec 28 2001 /gettext/0.10.40/gettext-0.10.40-lib.zip
May 27 2004 /gettext/0.14.1/gettext-0.14.1-lib.zip
May 07 2005 /gettext/0.14.4/gettext-0.14.4-lib.zip
Oct 25 2005 /giflib/4.1.4/giflib-4.1.4-lib.zip
Feb 21 2007 /giflib/4.1.4-1/giflib-4.1.4-1-lib.zip
Aug 17 2002 /glpk/3.2.1/glpk-3.2.1-lib.zip
Apr 18 2003 /glpk/3.3/glpk-3.3-lib.zip
May 09 2003 /glpk/4.0/glpk-4.0-lib.zip
Oct 08 2003 /glpk/4.1/glpk-4.1-lib.zip
Dec 04 2008 /glpk/4.34/glpk-4.34-lib.zip
Mar 14 2004 /glpk/4.4/glpk-4.4-lib.zip
Apr 05 2004 /glpk/4.4-1/glpk-4.4-1-lib.zip
Jan 14 2005 /glpk/4.8/glpk-4.8-lib.zip
Mar 09 2006 /glpk/4.9/glpk-4.9-lib.zip
Jan 10 2009 /groff/1.20.1/groff-1.20.1-lib.zip
May 25 2001 /gsl/0.8/gsl-0.8-lib.zip
Jul 14 2001 /gsl/0.9/gsl-0.9-lib.zip
Sep 20 2001 /gsl/0.9.2/gsl-0.9.2-lib.zip
Sep 22 2001 /gsl/0.9.3/gsl-0.9.3-lib.zip
Nov 13 2001 /gsl/1.0/gsl-1.0-lib.zip
Apr 06 2002 /gsl/1.0-1/gsl-1.0-1-lib.zip
Feb 19 2005 /gsl/1.6/gsl-1.6-lib.zip
Jul 11 2006 /gsl/1.8/gsl-1.8-lib.zip
Nov 28 2004 /iristools/2.1.5-10/sgitools-2.1.5-10-lib.zip
Jun 11 2004 /jbigkit/1.6/jbigkit-1.6-lib.zip
Feb 19 2004 /jpeg/6b-3/jpeg-6b-3-lib.zip
May 15 2005 /jpeg/6b-4/jpeg-6b-4-lib.zip
Apr 27 2005 /libarchive/1.02.019/libarchive-1.02.019-lib.zip
Jul 25 2005 /libarchive/1.02.027/libarchive-1.02.027-lib.zip
Aug 20 2005 /libarchive/1.02.030/libarchive-1.02.030-lib.zip
Sep 09 2005 /libarchive/1.02.032/libarchive-1.02.032-lib.zip
Nov 19 2005 /libarchive/1.02.036/libarchive-1.02.036-lib.zip
Nov 19 2005 /libarchive/1.2.37/libarchive-1.2.37-lib.zip
Mar 16 2006 /libarchive/1.2.38/libarchive-1.2.38-lib.zip
May 05 2007 /libarchive/2.1.10/libarchive-2.1.10-lib.zip
May 08 2007 /libarchive/2.2.1/libarchive-2.2.1-lib.zip
May 15 2007 /libarchive/2.2.2/libarchive-2.2.2-lib.zip
May 28 2007 /libarchive/2.2.3/libarchive-2.2.3-lib.zip
Jul 14 2007 /libarchive/2.2.4/libarchive-2.2.4-lib.zip
Jul 14 2007 /libarchive/2.2.5/libarchive-2.2.5-lib.zip
Oct 15 2007 /libarchive/2.3.4/libarchive-2.3.4-lib.zip
Nov 03 2007 /libarchive/2.4.0/libarchive-2.4.0-lib.zip
Feb 04 2008 /libarchive/2.4.12/libarchive-2.4.12-lib.zip
Jun 27 2008 /libarchive/2.4.12-1/libarchive-2.4.12-1-lib.zip
Nov 19 2005 /libart_lgpl/2.3.17/libart_lgpl-2.3.17-lib.zip
Aug 14 2002 /libart_lgpl/2.3.3-1/libart-2.3.3-1-lib.zip
Aug 20 2005 /libconfig/0.1.16/libconfig-0.1.16-lib.zip
Jan 10 2004 /libgw32c/0.4/libgw32c-0.4-lib.zip
Apr 15 2001 /libiconv/1.6/libiconv-1.6-lib.zip
Jun 17 2001 /libiconv/1.6.1/libiconv-1.6.1-lib.zip
Jun 30 2001 /libiconv/1.7/libiconv-1.7-lib.zip
Feb 02 2003 /libiconv/1.8/libiconv-1.8-lib.zip
Feb 08 2003 /libiconv/1.8-1/libiconv-1.8-1-lib.zip
Jan 29 2006 /libiconv/1.9.2-1/libiconv-1.9.2-1-lib.zip
Apr 04 2003 /libintl/0.11.5-2/libintl-0.11.5-2-lib.zip
May 07 2005 /libintl/0.14.4/libintl-0.14.4-lib.zip
Aug 20 2005 /libopennet/0.9.1/libopennet-0.9.1-lib.zip
Feb 01 2005 /libpaper/1.1.14-3/libpaper-1.1.14-3-lib.zip
Nov 19 2005 /libpaper/1.1.14-4/libpaper-1.1.14-4-lib.zip
May 09 2007 /libpaper/1.1.21/libpaper-1.1.21-lib.zip
Apr 13 2001 /libpng/1.0.10/libpng-1.0.10-lib.zip
May 04 2001 /libpng/1.0.11/libpng-1.0.11-lib.zip
Jun 09 2001 /libpng/1.0.12/libpng-1.0.12-lib.zip
May 24 2002 /libpng/1.0.13/libpng-1.0.13-lib.zip
Jan 16 2004 /libpng/1.0.15-1/libpng-1.0.15-1-lib.zip
Sep 19 2004 /libpng/1.0.17/libpng-1.0.17-lib.zip
Dec 04 2004 /libpng/1.0.18/libpng-1.0.18-lib.zip
Mar 26 2001 /libpng/1.0.9/libpng-1.0.9-lib.zip
Sep 09 2001 /libpng/1.2.0/libpng-1.2.0-lib.zip
Dec 15 2001 /libpng/1.2.1/libpng-1.2.1-lib.zip
Apr 18 2002 /libpng/1.2.2/libpng-1.2.2-lib.zip
Jan 02 2008 /libpng/1.2.24/libpng-1.2.24-lib.zip
May 24 2002 /libpng/1.2.3/libpng-1.2.3-lib.zip
Nov 07 2008 /libpng/1.2.33/libpng-1.2.33-lib.zip
Dec 20 2008 /libpng/1.2.34/libpng-1.2.34-lib.zip
Dec 20 2008 /libpng/1.2.34-1/libpng-1.2.34-1-lib.zip
Feb 19 2009 /libpng/1.2.35/libpng-1.2.35-lib.zip
May 07 2009 /libpng/1.2.36/libpng-1.2.36-lib.zip
Jun 04 2009 /libpng/1.2.37/libpng-1.2.37-lib.zip
Jul 08 2002 /libpng/1.2.4/libpng-1.2.4-lib.zip
Aug 14 2002 /libpng/1.2.4-1/libpng-1.2.4-1-lib.zip
Apr 26 2003 /libpng/1.2.5/libpng-1.2.5-lib.zip
Jan 16 2004 /libpng/1.2.5-1/libpng-1.2.5-1-lib.zip
Sep 19 2004 /libpng/1.2.7/libpng-1.2.7-lib.zip
Dec 04 2004 /libpng/1.2.8/libpng-1.2.8-lib.zip
Feb 10 2008 /libtool/1.5.28/libtool-1.5.26-lib.zip
Dec 19 2004 /libtool/1.5.8/libtool-1.5.8-lib.zip
Mar 30 2001 /libungif/4.1.0b1/libungif-4.1.0b1-lib.zip
Oct 25 2005 /libungif/4.1.4/libungif-4.1.4-lib.zip
Mar 01 2007 /libungif/4.1.4-1/libungif-4.1.4-1-lib.zip
Sep 27 2003 /libutf8/0.8/libutf8-0.8-lib.zip
Jan 18 2005 /libwmf/0.2.8.3-1/libwmf-0.2.8.3-1-lib.zip
Apr 16 2004 /libxmi/1.2-1/libxmi-1.2-1-lib.zip
Mar 05 2002 /libxml/1.8.17/libxml1-1.8.17-lib.zip
Jun 23 2002 /libxml/2.4.12-1/libxml2-2.4.12-1-lib.zip
Dec 23 2001 /libxslt/1.0.9/libxslt-1.0.9-lib.zip
Oct 12 2008 /m4/1.4.12/m4-1.4.12-lib.zip
Dec 27 2003 /netpbm/10.18.4/netpbm-10.18.4-lib.zip
May 12 2005 /netpbm/10.27/netpbm-10.27-lib.zip
Mar 15 2004 /ntfsprogs/1.9.0/ntfsprogs-1.9.0-lib.zip
Oct 03 2003 /openssl/0.9.7c/openssl-0.9.7c-lib.zip
Aug 22 2008 /openssl/0.9.8h/openssl-0.9.8h-lib.zip
Sep 03 2008 /openssl/0.9.8h-1/openssl-0.9.8h-1-lib.zip
Aug 21 2001 /pcre/3.5/pcre-3.5-lib.zip
Nov 10 2001 /pcre/3.6/pcre-3.6-lib.zip
Dec 08 2001 /pcre/3.7-1/pcre-3.7-lib.zip
Dec 22 2001 /pcre/3.8/pcre-3.8-lib.zip
Jan 16 2002 /pcre/3.9/pcre-3.9-lib.zip
Mar 20 2003 /pcre/4.1/pcre-4.1-lib.zip
Jun 14 2003 /pcre/4.3/pcre-4.3-lib.zip
Aug 08 2003 /pcre/4.3-1/pcre-4.3-1-lib.zip
Aug 08 2003 /pcre/4.3-2/pcre-4.3-2-lib.zip
Aug 28 2003 /pcre/4.4/pcre-4.4-lib.zip
Nov 14 2004 /pcre/5.0/pcre-5.0-lib.zip
Aug 20 2005 /pcre/6.3/pcre-6.3-lib.zip
Nov 19 2005 /pcre/6.4/pcre-6.4-lib.zip
Jan 03 2006 /pcre/6.4-1/pcre-6.4-1-lib.zip
Apr 03 2007 /pcre/7.0/pcre-7.0-lib.zip
Mar 13 2005 /pdcurses/2.6/pdcurses-2.6-lib.zip
Mar 05 2002 /pdflib-lite/4.0.2/pdflib-4.0.2-lib.zip
May 13 2005 /pdflib-lite/6.0.1/pdflib-lite-6.0.1-lib.zip
Aug 13 2005 /pdflib-lite/6.0.2/pdflib-lite-6.0.2-lib.zip
Apr 16 2004 /plotutils/2.4.1-4/plotutils-2.4.1-4-lib.zip
Oct 04 2003 /popt/1.8-1/popt-1.8-1-lib.zip
Mar 11 2005 /readline/4.3/readline-4.3-lib.zip
Mar 11 2005 /readline/5.0/readline-5.0-lib.zip
Jan 02 2008 /readline/5.0-1/readline-5.0-1-lib.zip
Aug 24 2002 /regex/0.12/regex-0.12-lib.zip
Nov 03 2007 /regex/2.7/regex-2.7-lib.zip
Oct 01 2003 /regex-Spencer/3.8/regex-spencer-3.8-lib.zip
Dec 19 2006 /regex-Spencer/3.8.g.3-1/rxspencer-3.8.g.3-1-lib.zip
May 20 2004 /regex-Spencer/3.8.g3/regex-spencer-3.8.g.3-lib.zip
Aug 24 2002 /regex-Spencer/3.8a/regex-3.8a-lib.zip
Dec 02 2001 /rx/1.5/rx-1.5-lib.zip
Nov 19 2005 /rx/1.5-1/rx-1.5-1-lib.zip
Nov 17 2001 /t1lib/1.3.1/t1lib-1.3.1-lib.zip
Nov 14 2004 /t1lib/5.0.2/t1lib-5.0.2-lib.zip
Aug 13 2005 /t1lib/5.1.0/t1lib-5.1.0-lib.zip
Mar 16 2002 /termcap/1.3.1/termcap-1.3.1-lib.zip
Oct 02 2008 /texinfo/4.13a/texinfo-4.13a-lib.zip
Mar 30 2001 /tiff/3.5.6b/libtiff-3.5.6b-lib.zip
Nov 29 2001 /tiff/3.5.7/tiff-3.5.7-lib.zip
Jan 12 2002 /tiff/3.5.7-1/tiff-3.5.7-1-lib.zip
Jan 12 2002 /tiff/3.5.7-1/tiff_win32-3.5.7-1-lib.zip
Dec 28 2003 /tiff/3.6.1/tiff-3.6.1-lib.zip
Jan 03 2004 /tiff/3.6.1-1/tiff-3.6.1-1-lib.zip
Jan 03 2004 /tiff/3.6.1-1-win32/tiff-win32-3.6.1-1-lib.zip
Feb 10 2004 /tiff/3.6.1-2/tiff-3.6.1-2-lib.zip
Feb 10 2004 /tiff/3.6.1-2-win32/tiff-win32-3.6.1-2-lib.zip
Jan 02 2004 /tiff/3.6.1-win32/tiff-win32-3.6.1-lib.zip
Feb 18 2005 /tiff/3.7.1/tiff-3.7.1-lib.zip
May 15 2005 /tiff/3.7.2/tiff-3.7.2-lib.zip
Jul 31 2005 /tiff/3.7.3/tiff-3.7.3-lib.zip
Nov 19 2005 /tiff/3.7.4/tiff-3.7.4-lib.zip
Dec 30 2005 /tiff/3.8.0/tiff-3.8.0-lib.zip
Mar 16 2006 /tiff/3.8.1/tiff-3.8.1-lib.zip
Mar 23 2006 /tiff/3.8.2/tiff-3.8.2-lib.zip
Mar 30 2006 /tiff/3.8.2-1/tiff-3.8.2-1-lib.zip
Mar 30 2006 /tre/0.7.2/tre-0.7.2-lib.zip
Dec 20 2008 /tre/0.7.5/tre-0.7.5-lib.zip
Jan 02 2004 /ttf2pt1/3.4.4/ttf2pt1-3.4.4-lib.zip
Feb 20 2005 /unrar/3.4.3/unrar-3.4.3-lib.zip
Feb 14 2005 /unzip/5.51-1/unzip-5.51-1-lib.zip
Dec 27 2003 /urt/3.1b1-2/urt-3.1.b.1-2-lib.zip
Nov 21 2004 /wv/1.0.2/wv-1.0.2-lib.zip
Feb 14 2005 /xpm/3.5.1-1/xpm-3.5.1-1-lib.zip
Aug 26 2005 /zimg/4.24.0/zimg-4.24.0-lib.zip
Mar 13 2004 /zip/2.3-2/zip-2.3-2-lib.zip
Jun 09 2004 /zip/2.3-3/zip-2.3-3-lib.zip
Mar 13 2005 /zip/2.31/zip-2.31-lib.zip
Jul 13 2008 /zip/3.0/zip-3.0-lib.zip
Apr 09 2001 /zlib/1.1.3/zlib-1.1.3-lib.zip
Mar 11 2002 /zlib/1.1.4/zlib-1.1.4-lib.zip
May 06 2003 /zlib/1.1.4-1/zlib-1.1.4-1-lib.zip
Jan 13 2004 /zlib/1.2.1/zlib-1.2.1-1-lib.zip
Jan 02 2005 /zlib/1.2.2/zlib-1.2.2-lib.zip
Jul 25 2005 /zlib/1.2.3/zlib-1.2.3-lib.zip
